#
# There is insufficient memory for the Java Runtime Environment to continue.
# Native memory allocation (malloc) failed to allocate 44416 bytes for Chunk::new
# Possible reasons:
#   The system is out of physical RAM or swap space
#   In 32 bit mode, the process size limit was hit
# Possible solutions:
#   Reduce memory load on the system
#   Increase physical memory or swap space
#   Check if swap backing store is full
#   Use 64 bit Java on a 64 bit OS
#   Decrease Java heap size (-Xmx/-Xms)
#   Decrease number of Java threads
#   Decrease Java thread stack sizes (-Xss)
#   Set larger code cache with -XX:ReservedCodeCacheSize=
# This output file may be truncated or incomplete.
#
#  Out of Memory Error (allocation.cpp:390), pid=8256, tid=1228
#
# JRE version: Java(TM) SE Runtime Environment (8.0_25-b18) (build 1.8.0_25-b18)
# Java VM: Java HotSpot(TM) 64-Bit Server VM (25.25-b02 mixed mode windows-amd64 compressed oops)
# Failed to write core dump. Minidumps are not enabled by default on client versions of Windows
#

---------------  T H R E A D  ---------------

Current thread (0x0000000014842800):  JavaThread "C2 CompilerThread1" daemon [_thread_in_native, id=1228, stack(0x0000000015e80000,0x0000000015f80000)]

Stack: [0x0000000015e80000,0x0000000015f80000]
Native frames: (J=compiled Java code, j=interpreted, Vv=VM code, C=native code)
V  [jvm.dll+0x31667a]
V  [jvm.dll+0x267073]
V  [jvm.dll+0x267cb3]
V  [jvm.dll+0x25f5b5]
V  [jvm.dll+0xbf165]
V  [jvm.dll+0xbf60c]
V  [jvm.dll+0x45d672]
V  [jvm.dll+0x49e8ef]
V  [jvm.dll+0x452b41]
V  [jvm.dll+0x453864]
V  [jvm.dll+0x437372]
V  [jvm.dll+0x98a02]
V  [jvm.dll+0x991f3]
V  [jvm.dll+0x22bde4]
V  [jvm.dll+0x2852fa]
C  [msvcr100.dll+0x21d9f]
C  [msvcr100.dll+0x21e3b]
C  [KERNEL32.DLL+0x13d2]
C  [ntdll.dll+0x154e4]


Current CompileTask:
C2:  13892 1260       4       com.android.dx.util.FixedSizeList::hashCode (8 bytes)


---------------  P R O C E S S  ---------------

Java Threads: ( => current thread )
  0x00000000162b3000 JavaThread "pool-1-thread-1" [_thread_blocked, id=8468, stack(0x0000000016680000,0x0000000016780000)]
  0x000000001488e000 JavaThread "Service Thread" daemon [_thread_blocked, id=3132, stack(0x0000000016480000,0x0000000016580000)]
  0x0000000014883800 JavaThread "C1 CompilerThread2" daemon [_thread_blocked, id=4740, stack(0x0000000015f80000,0x0000000016080000)]
=>0x0000000014842800 JavaThread "C2 CompilerThread1" daemon [_thread_in_native, id=1228, stack(0x0000000015e80000,0x0000000015f80000)]
  0x000000001482c000 JavaThread "C2 CompilerThread0" daemon [_thread_in_native, id=8880, stack(0x0000000015d80000,0x0000000015e80000)]
  0x000000001482a800 JavaThread "Attach Listener" daemon [_thread_blocked, id=5640, stack(0x0000000015c80000,0x0000000015d80000)]
  0x0000000014828800 JavaThread "Signal Dispatcher" daemon [_thread_blocked, id=5032, stack(0x0000000015b80000,0x0000000015c80000)]
  0x0000000002150800 JavaThread "Finalizer" daemon [_thread_blocked, id=4360, stack(0x0000000015a80000,0x0000000015b80000)]
  0x000000000214d000 JavaThread "Reference Handler" daemon [_thread_blocked, id=6568, stack(0x0000000015980000,0x0000000015a80000)]
  0x0000000002060800 JavaThread "main" [_thread_blocked, id=7064, stack(0x0000000001e70000,0x0000000001f70000)]

Other Threads:
  0x00000000147f6800 VMThread [stack: 0x0000000015880000,0x0000000015980000] [id=5420]
  0x0000000016086000 WatcherThread [stack: 0x0000000016580000,0x0000000016680000] [id=9108]

VM state:at safepoint (normal execution)

VM Mutex/Monitor currently owned by a thread:  ([mutex/lock_event])
[0x000000000205cc80] Threads_lock - owner thread: 0x00000000147f6800
[0x000000000205c480] Heap_lock - owner thread: 0x00000000162b3000

Heap:
 PSYoungGen      total 38400K, used 4496K [0x00000000eab00000, 0x00000000ed580000, 0x0000000100000000)
  eden space 33280K, 0% used [0x00000000eab00000,0x00000000eab00000,0x00000000ecb80000)
  from space 5120K, 87% used [0x00000000ed080000,0x00000000ed4e4058,0x00000000ed580000)
  to   space 5120K, 0% used [0x00000000ecb80000,0x00000000ecb80000,0x00000000ed080000)
 ParOldGen       total 87552K, used 1038K [0x00000000c0000000, 0x00000000c5580000, 0x00000000eab00000)
  object space 87552K, 1% used [0x00000000c0000000,0x00000000c0103b90,0x00000000c5580000)
 Metaspace       used 6022K, capacity 6960K, committed 7040K, reserved 1060864K
  class space    used 599K, capacity 616K, committed 640K, reserved 1048576K

Card table byte_map: [0x0000000011520000,0x0000000011730000] byte_map_base: 0x0000000010f20000

Marking Bits: (ParMarkBitMap*) 0x000000005793d490
 Begin Bits: [0x0000000011c90000, 0x0000000012c90000)
 End Bits:   [0x0000000012c90000, 0x0000000013c90000)

Polling page: 0x0000000000500000

CodeCache: size=245760Kb used=5041Kb max_used=5041Kb free=240718Kb
 bounds [0x0000000002160000, 0x0000000002650000, 0x0000000011160000]
 total_blobs=1531 nmethods=1267 adapters=177
 compilation: disabled (not enough contiguous free space left)

Compilation events (10 events):
Event: 7.565 Thread 0x0000000014883800 1259       1       com.android.dx.dex.file.DexFile::getWordData (5 bytes)
Event: 7.566 Thread 0x0000000014883800 nmethod 1259 0x000000000263b650 code [0x000000000263b7a0, 0x000000000263b8b0]
Event: 7.566 Thread 0x0000000014883800 1257       1       com.android.dx.dex.file.OffsettedItem::getAlignment (5 bytes)
Event: 7.566 Thread 0x0000000014883800 nmethod 1257 0x000000000263b390 code [0x000000000263b4e0, 0x000000000263b5f0]
Event: 7.566 Thread 0x0000000014883800 1258       1       com.android.dx.dex.file.Section::getAlignment (5 bytes)
Event: 7.566 Thread 0x0000000014883800 nmethod 1258 0x000000000263b0d0 code [0x000000000263b220, 0x000000000263b330]
Event: 7.566 Thread 0x0000000014883800 1256       1       com.android.dx.dex.file.DexFile::getFieldIds (5 bytes)
Event: 7.566 Thread 0x0000000014883800 nmethod 1256 0x000000000263ae10 code [0x000000000263af60, 0x000000000263b070]
Event: 7.566 Thread 0x0000000014883800 1261       3       com.android.dx.dex.code.OutputFinisher::addConstants (93 bytes)
Event: 7.566 Thread 0x000000001482c000 1262       4       java.util.HashSet::add (20 bytes)

GC Heap History (2 events):
Event: 7.269 GC heap before
{Heap before GC invocations=1 (full 0):
 PSYoungGen      total 38400K, used 33280K [0x00000000eab00000, 0x00000000ed580000, 0x0000000100000000)
  eden space 33280K, 100% used [0x00000000eab00000,0x00000000ecb80000,0x00000000ecb80000)
  from space 5120K, 0% used [0x00000000ed080000,0x00000000ed080000,0x00000000ed580000)
  to   space 5120K, 0% used [0x00000000ecb80000,0x00000000ecb80000,0x00000000ed080000)
 ParOldGen       total 87552K, used 0K [0x00000000c0000000, 0x00000000c5580000, 0x00000000eab00000)
  object space 87552K, 0% used [0x00000000c0000000,0x00000000c0000000,0x00000000c5580000)
 Metaspace       used 5905K, capacity 6896K, committed 7040K, reserved 1056768K
  class space    used 589K, capacity 616K, committed 640K, reserved 1048576K
Event: 7.558 GC heap after
Heap after GC invocations=1 (full 0):
 PSYoungGen      total 38400K, used 5101K [0x00000000eab00000, 0x00000000ed580000, 0x0000000100000000)
  eden space 33280K, 0% used [0x00000000eab00000,0x00000000eab00000,0x00000000ecb80000)
  from space 5120K, 99% used [0x00000000ecb80000,0x00000000ed07b608,0x00000000ed080000)
  to   space 5120K, 0% used [0x00000000ed080000,0x00000000ed080000,0x00000000ed580000)
 ParOldGen       total 87552K, used 1030K [0x00000000c0000000, 0x00000000c5580000, 0x00000000eab00000)
  object space 87552K, 1% used [0x00000000c0000000,0x00000000c0101b90,0x00000000c5580000)
 Metaspace       used 5905K, capacity 6896K, committed 7040K, reserved 1056768K
  class space    used 589K, capacity 616K, committed 640K, reserved 1048576K
}

Deoptimization events (8 events):
Event: 3.586 Thread 0x0000000002060800 Uncommon trap: reason=null_check action=make_not_entrant pc=0x00000000024c04a4 method=com.android.dx.rop.type.Type.equals(Ljava/lang/Object;)Z @ 8
Event: 3.599 Thread 0x0000000002060800 Uncommon trap: reason=class_check action=maybe_recompile pc=0x000000000247e06c method=com.android.dx.ssa.NormalSsaInsn.accept(Lcom/android/dx/ssa/SsaInsn$Visitor;)V @ 9
Event: 3.894 Thread 0x00000000162b9800 Uncommon trap: reason=class_check action=maybe_recompile pc=0x000000000247e06c method=com.android.dx.ssa.NormalSsaInsn.accept(Lcom/android/dx/ssa/SsaInsn$Visitor;)V @ 9
Event: 3.894 Thread 0x00000000162b9800 Uncommon trap: reason=class_check action=maybe_recompile pc=0x0000000002421fb0 method=com.android.dx.ssa.NormalSsaInsn.accept(Lcom/android/dx/ssa/SsaInsn$Visitor;)V @ 9
Event: 7.561 Thread 0x00000000162b3000 Uncommon trap: reason=class_check action=maybe_recompile pc=0x0000000002594ba0 method=java.util.Arrays.hashCode([Ljava/lang/Object;)I @ 43
Event: 7.561 Thread 0x00000000162b3000 Uncommon trap: reason=class_check action=maybe_recompile pc=0x0000000002594ba0 method=java.util.Arrays.hashCode([Ljava/lang/Object;)I @ 43
Event: 7.563 Thread 0x00000000162b3000 Uncommon trap: reason=class_check action=maybe_recompile pc=0x0000000002594ba0 method=java.util.Arrays.hashCode([Ljava/lang/Object;)I @ 43
Event: 7.563 Thread 0x00000000162b3000 Uncommon trap: reason=class_check action=maybe_recompile pc=0x0000000002594ba0 method=java.util.Arrays.hashCode([Ljava/lang/Object;)I @ 43

Internal exceptions (10 events):
Event: 2.380 Thread 0x00000000162b0800 Exception <a 'java/security/PrivilegedActionException'> (0x00000000eb772600) thrown at [D:\re\workspace\8-2-build-windows-amd64-cygwin\jdk8u25\1677\hotspot\src\share\vm\prims\jvm.cpp, line 1312]
Event: 2.381 Thread 0x00000000162b0800 Exception <a 'java/security/PrivilegedActionException'> (0x00000000eb7775c0) thrown at [D:\re\workspace\8-2-build-windows-amd64-cygwin\jdk8u25\1677\hotspot\src\share\vm\prims\jvm.cpp, line 1312]
Event: 2.382 Thread 0x00000000162b0800 Exception <a 'java/security/PrivilegedActionException'> (0x00000000eb77d090) thrown at [D:\re\workspace\8-2-build-windows-amd64-cygwin\jdk8u25\1677\hotspot\src\share\vm\prims\jvm.cpp, line 1312]
Event: 2.383 Thread 0x00000000162b0800 Exception <a 'java/security/PrivilegedActionException'> (0x00000000eb7828f0) thrown at [D:\re\workspace\8-2-build-windows-amd64-cygwin\jdk8u25\1677\hotspot\src\share\vm\prims\jvm.cpp, line 1312]
Event: 2.596 Thread 0x00000000162bf800 Exception <a 'java/security/PrivilegedActionException'> (0x00000000eb5b0550) thrown at [D:\re\workspace\8-2-build-windows-amd64-cygwin\jdk8u25\1677\hotspot\src\share\vm\prims\jvm.cpp, line 1312]
Event: 2.947 Thread 0x00000000162bf800 Exception <a 'java/security/PrivilegedActionException'> (0x00000000eba1db08) thrown at [D:\re\workspace\8-2-build-windows-amd64-cygwin\jdk8u25\1677\hotspot\src\share\vm\prims\jvm.cpp, line 1312]
Event: 3.134 Thread 0x00000000162b0800 Exception <a 'java/security/PrivilegedActionException'> (0x00000000eb8a7318) thrown at [D:\re\workspace\8-2-build-windows-amd64-cygwin\jdk8u25\1677\hotspot\src\share\vm\prims\jvm.cpp, line 1312]
Event: 3.586 Thread 0x0000000002060800 Implicit null exception at 0x00000000024c03a2 to 0x00000000024c0495
Event: 6.811 Thread 0x0000000002060800 Exception <a 'java/security/PrivilegedActionException'> (0x00000000ec7b5c18) thrown at [D:\re\workspace\8-2-build-windows-amd64-cygwin\jdk8u25\1677\hotspot\src\share\vm\prims\jvm.cpp, line 1312]
Event: 7.564 Thread 0x00000000162b3000 Exception <a 'java/security/PrivilegedActionException'> (0x00000000eab04640) thrown at [D:\re\workspace\8-2-build-windows-amd64-cygwin\jdk8u25\1677\hotspot\src\share\vm\prims\jvm.cpp, line 1312]

Events (10 events):
Event: 7.561 Thread 0x00000000162b3000 DEOPT PACKING pc=0x0000000002594ba0 sp=0x000000001677e7a0
Event: 7.561 Thread 0x00000000162b3000 DEOPT UNPACKING pc=0x00000000021a556a sp=0x000000001677e6d0 mode 2
Event: 7.563 Thread 0x00000000162b3000 Uncommon trap: trap_request=0xffffffde fr.pc=0x0000000002594ba0
Event: 7.563 Thread 0x00000000162b3000 DEOPT PACKING pc=0x0000000002594ba0 sp=0x000000001677e7f0
Event: 7.563 Thread 0x00000000162b3000 DEOPT UNPACKING pc=0x00000000021a556a sp=0x000000001677e720 mode 2
Event: 7.563 Thread 0x00000000162b3000 Uncommon trap: trap_request=0xffffffde fr.pc=0x0000000002594ba0
Event: 7.563 Thread 0x00000000162b3000 DEOPT PACKING pc=0x0000000002594ba0 sp=0x000000001677e7b0
Event: 7.563 Thread 0x00000000162b3000 DEOPT UNPACKING pc=0x00000000021a556a sp=0x000000001677e6e0 mode 2
Event: 7.564 loading class com/android/dx/dex/file/CatchStructs
Event: 7.564 loading class com/android/dx/dex/file/CatchStructs done


Dynamic libraries:
0x00007ff7150d0000 - 0x00007ff715104000 	C:\Program Files\Java\jdk1.8.0_25\bin\java.exe
0x00007ffd3d050000 - 0x00007ffd3d1fd000 	C:\Windows\SYSTEM32\ntdll.dll
0x00007ffd3aae0000 - 0x00007ffd3ac1e000 	C:\Windows\system32\KERNEL32.DLL
0x00007ffd3a500000 - 0x00007ffd3a615000 	C:\Windows\system32\KERNELBASE.dll
0x00007ffd38d40000 - 0x00007ffd38dce000 	C:\Windows\system32\apphelp.dll
0x00007ffd2f1d0000 - 0x00007ffd2f223000 	C:\Windows\AppPatch\AppPatch64\AcGenral.DLL
0x00007ffd3cad0000 - 0x00007ffd3cb7a000 	C:\Windows\system32\msvcrt.dll
0x00007ffd3a030000 - 0x00007ffd3a05e000 	C:\Windows\SYSTEM32\SspiCli.dll
0x00007ffd3c730000 - 0x00007ffd3c784000 	C:\Windows\system32\SHLWAPI.dll
0x00007ffd3ced0000 - 0x00007ffd3d047000 	C:\Windows\system32\USER32.dll
0x00007ffd3cb80000 - 0x00007ffd3cd14000 	C:\Windows\system32\ole32.dll
0x00007ffd3b200000 - 0x00007ffd3c72a000 	C:\Windows\system32\SHELL32.dll
0x00007ffd397c0000 - 0x00007ffd397e1000 	C:\Windows\SYSTEM32\USERENV.dll
0x00007ffd3ade0000 - 0x00007ffd3ae8a000 	C:\Windows\system32\ADVAPI32.dll
0x00007ffd32520000 - 0x00007ffd3253e000 	C:\Windows\SYSTEM32\MPR.dll
0x00007ffd3a990000 - 0x00007ffd3aad1000 	C:\Windows\system32\RPCRT4.dll
0x00007ffd3ad80000 - 0x00007ffd3add9000 	C:\Windows\SYSTEM32\sechost.dll
0x00007ffd3c8b0000 - 0x00007ffd3cac1000 	C:\Windows\SYSTEM32\combase.dll
0x00007ffd3ac20000 - 0x00007ffd3ad70000 	C:\Windows\system32\GDI32.dll
0x00007ffd3a1a0000 - 0x00007ffd3a1b5000 	C:\Windows\SYSTEM32\profapi.dll
0x00007ffd386f0000 - 0x00007ffd387a2000 	C:\Windows\SYSTEM32\SHCORE.dll
0x00007ffd3a750000 - 0x00007ffd3a786000 	C:\Windows\system32\IMM32.DLL
0x00007ffd3b0a0000 - 0x00007ffd3b1f2000 	C:\Windows\system32\MSCTF.dll
0x00007ffd35d10000 - 0x00007ffd35f8b000 	C:\Windows\WinSxS\amd64_microsoft.windows.common-controls_6595b64144ccf1df_6.0.9600.18006_none_623f33d3ecbe86e8\COMCTL32.dll
0x0000000056ce0000 - 0x0000000056db2000 	C:\Program Files\Java\jdk1.8.0_25\jre\bin\msvcr100.dll
0x0000000057160000 - 0x00000000579ba000 	C:\Program Files\Java\jdk1.8.0_25\jre\bin\server\jvm.dll
0x00007ffd32cb0000 - 0x00007ffd32cb9000 	C:\Windows\SYSTEM32\WSOCK32.dll
0x00007ffd30b10000 - 0x00007ffd30b32000 	C:\Windows\SYSTEM32\WINMM.dll
0x00007ffd3a730000 - 0x00007ffd3a737000 	C:\Windows\system32\PSAPI.DLL
0x00007ffd3a6d0000 - 0x00007ffd3a72a000 	C:\Windows\system32\WS2_32.dll
0x00007ffd30700000 - 0x00007ffd3072a000 	C:\Windows\SYSTEM32\WINMMBASE.dll
0x00007ffd3ad70000 - 0x00007ffd3ad79000 	C:\Windows\system32\NSI.dll
0x00007ffd3a270000 - 0x00007ffd3a2bf000 	C:\Windows\SYSTEM32\cfgmgr32.dll
0x00007ffd38f90000 - 0x00007ffd38fb8000 	C:\Windows\SYSTEM32\DEVOBJ.dll
0x0000000057150000 - 0x000000005715f000 	C:\Program Files\Java\jdk1.8.0_25\jre\bin\verify.dll
0x0000000057120000 - 0x0000000057148000 	C:\Program Files\Java\jdk1.8.0_25\jre\bin\java.dll
0x0000000057100000 - 0x0000000057116000 	C:\Program Files\Java\jdk1.8.0_25\jre\bin\zip.dll
0x00007ffd286b0000 - 0x00007ffd28839000 	C:\Windows\SYSTEM32\dbghelp.dll

VM Arguments:
jvm_args: -Djava.awt.headless=true -Xmx1024M -Dfile.encoding=windows-1252 -Duser.country=US -Duser.language=en -Duser.variant 
java_command: com.android.dx.command.Main --dex --force-jumbo --num-threads=4 --multi-dex --output D:\work\RefugeeCare\app\build\intermediates\transforms\dex\debug\folders\1000\10\com.google.firebase-firebase-iid-9.6.1_dceefd6bdeaf9f6a06caf3cb9993048a69d8f176 D:\work\RefugeeCare\app\build\intermediates\exploded-aar\com.google.firebase\firebase-iid\9.6.1\jars\classes.jar
java_class_path (initial): D:\work\Programs\Programs\Android\AndroidStudio\sdk\build-tools\24.0.0\lib\dx.jar
Launcher Type: SUN_STANDARD

Environment Variables:
PATH=C:\Program Files\Java\jdk1.6.0_16\bin;C:\Program Files (x86)\nodejs\;C:\Users\Ahmed Khattab\AppData\Local\Programs\Python\Python35-32\Scripts\;C:\Users\Ahmed Khattab\AppData\Local\Programs\Python\Python35-32\;C:\Users\Ahmed Khattab\AppData\Roaming\npm;C:\Program Files\Java\jdk1.8.0_25\jre\bin;C:\Program Files (x86)\Java\jre1.8.0_45\bin;C:\Program Files\Java\jdk1.8.0_25\bin;D:\work\Collage\4th year\kbs\Jess71p2\bin
USERNAME=Ahmed Khattab 2
OS=Windows_NT
PROCESSOR_IDENTIFIER=Intel64 Family 6 Model 69 Stepping 1, GenuineIntel



---------------  S Y S T E M  ---------------

OS: Windows 8.1 , 64 bit Build 9600 

CPU:total 4 (2 cores per cpu, 2 threads per core) family 6 model 69 stepping 1, cmov, cx8, fxsr, mmx, sse, sse2, sse3, ssse3, sse4.1, sse4.2, popcnt, avx, avx2, aes, clmul, erms, lzcnt, ht, tsc, tscinvbit, bmi1, bmi2

Memory: 4k page, physical 8274284k(1059648k free), swap 11028860k(186720k free)

vm_info: Java HotSpot(TM) 64-Bit Server VM (25.25-b02) for windows-amd64 JRE (1.8.0_25-b18), built on Oct  7 2014 14:25:37 by "java_re" with MS VC++ 10.0 (VS2010)

time: Wed Oct 26 10:42:13 2016
elapsed time: 13 seconds (0d 0h 0m 13s)

