#
# There is insufficient memory for the Java Runtime Environment to continue.
# Native memory allocation (malloc) failed to allocate 57744 bytes for Chunk::new
# Possible reasons:
#   The system is out of physical RAM or swap space
#   In 32 bit mode, the process size limit was hit
# Possible solutions:
#   Reduce memory load on the system
#   Increase physical memory or swap space
#   Check if swap backing store is full
#   Use 64 bit Java on a 64 bit OS
#   Decrease Java heap size (-Xmx/-Xms)
#   Decrease number of Java threads
#   Decrease Java thread stack sizes (-Xss)
#   Set larger code cache with -XX:ReservedCodeCacheSize=
# This output file may be truncated or incomplete.
#
#  Out of Memory Error (allocation.cpp:390), pid=7352, tid=6368
#
# JRE version: Java(TM) SE Runtime Environment (8.0_25-b18) (build 1.8.0_25-b18)
# Java VM: Java HotSpot(TM) 64-Bit Server VM (25.25-b02 mixed mode windows-amd64 compressed oops)
# Failed to write core dump. Minidumps are not enabled by default on client versions of Windows
#

---------------  T H R E A D  ---------------

Current thread (0x0000000014620000):  JavaThread "C2 CompilerThread1" daemon [_thread_in_native, id=6368, stack(0x0000000015c70000,0x0000000015d70000)]

Stack: [0x0000000015c70000,0x0000000015d70000]
Native frames: (J=compiled Java code, j=interpreted, Vv=VM code, C=native code)
V  [jvm.dll+0x31667a]


Current CompileTask:
C2:   6260 1281 %     4       com.android.dx.ssa.back.IdenticalBlockCombiner::process @ 161 (323 bytes)


---------------  P R O C E S S  ---------------

Java Threads: ( => current thread )
  0x00000000160da800 JavaThread "pool-2-thread-4" [_thread_blocked, id=6404, stack(0x0000000016870000,0x0000000016970000)]
  0x0000000015fcb800 JavaThread "pool-2-thread-3" [_thread_in_Java, id=7436, stack(0x0000000016770000,0x0000000016870000)]
  0x0000000015fc9800 JavaThread "pool-2-thread-2" [_thread_blocked, id=2288, stack(0x0000000016670000,0x0000000016770000)]
  0x0000000015fbe000 JavaThread "pool-3-thread-1" [_thread_blocked, id=2808, stack(0x0000000016570000,0x0000000016670000)]
  0x0000000015fc2000 JavaThread "pool-2-thread-1" [_thread_blocked, id=1120, stack(0x0000000016470000,0x0000000016570000)]
  0x000000001467d000 JavaThread "Service Thread" daemon [_thread_blocked, id=8052, stack(0x0000000016270000,0x0000000016370000)]
  0x000000001463f000 JavaThread "C1 CompilerThread2" daemon [_thread_blocked, id=1140, stack(0x0000000015d70000,0x0000000015e70000)]
=>0x0000000014620000 JavaThread "C2 CompilerThread1" daemon [_thread_in_native, id=6368, stack(0x0000000015c70000,0x0000000015d70000)]
  0x000000001461d000 JavaThread "C2 CompilerThread0" daemon [_thread_in_native, id=3160, stack(0x0000000015b70000,0x0000000015c70000)]
  0x000000001461b800 JavaThread "Attach Listener" daemon [_thread_blocked, id=948, stack(0x0000000015a70000,0x0000000015b70000)]
  0x0000000014619800 JavaThread "Signal Dispatcher" daemon [_thread_blocked, id=5004, stack(0x0000000015970000,0x0000000015a70000)]
  0x0000000001f46000 JavaThread "Finalizer" daemon [_thread_blocked, id=5352, stack(0x0000000015870000,0x0000000015970000)]
  0x00000000145e8800 JavaThread "Reference Handler" daemon [_thread_blocked, id=6372, stack(0x0000000015770000,0x0000000015870000)]
  0x0000000001e50800 JavaThread "main" [_thread_in_native, id=8016, stack(0x0000000001c50000,0x0000000001d50000)]

Other Threads:
  0x00000000145e7000 VMThread [stack: 0x0000000015670000,0x0000000015770000] [id=8148]
  0x000000001467e800 WatcherThread [stack: 0x0000000016370000,0x0000000016470000] [id=7760]

VM state:not at safepoint (normal execution)

VM Mutex/Monitor currently owned by a thread: None

Heap:
 PSYoungGen      total 38400K, used 34272K [0x00000000eab00000, 0x00000000ef600000, 0x0000000100000000)
  eden space 33280K, 87% used [0x00000000eab00000,0x00000000ec77bd18,0x00000000ecb80000)
  from space 5120K, 99% used [0x00000000ecb80000,0x00000000ed07c550,0x00000000ed080000)
  to   space 5120K, 0% used [0x00000000ef100000,0x00000000ef100000,0x00000000ef600000)
 ParOldGen       total 87552K, used 3760K [0x00000000c0000000, 0x00000000c5580000, 0x00000000eab00000)
  object space 87552K, 4% used [0x00000000c0000000,0x00000000c03ac140,0x00000000c5580000)
 Metaspace       used 5795K, capacity 6832K, committed 7040K, reserved 1056768K
  class space    used 583K, capacity 616K, committed 640K, reserved 1048576K

Card table byte_map: [0x0000000011310000,0x0000000011520000] byte_map_base: 0x0000000010d10000

Marking Bits: (ParMarkBitMap*) 0x000000006123d490
 Begin Bits: [0x0000000011a80000, 0x0000000012a80000)
 End Bits:   [0x0000000012a80000, 0x0000000013a80000)

Polling page: 0x0000000000380000

CodeCache: size=245760Kb used=5264Kb max_used=5277Kb free=240495Kb
 bounds [0x0000000001f50000, 0x0000000002480000, 0x0000000010f50000]
 total_blobs=1545 nmethods=1281 adapters=178
 compilation: enabled

Compilation events (10 events):
Event: 6.232 Thread 0x000000001463f000 1280       3       com.android.dx.ssa.back.IdenticalBlockCombiner::process (323 bytes)
Event: 6.234 Thread 0x000000001463f000 nmethod 1280 0x0000000002477c50 code [0x0000000002477fe0, 0x000000000247a478]
Event: 6.235 Thread 0x0000000014620000 1281 %     4       com.android.dx.ssa.back.IdenticalBlockCombiner::process @ 161 (323 bytes)
Event: 6.238 Thread 0x000000001461d000 1282       4       com.android.dx.rop.code.ThrowingCstInsn::accept (8 bytes)
Event: 6.239 Thread 0x000000001461d000 nmethod 1282 0x0000000002405590 code [0x00000000024056c0, 0x0000000002405738]
Event: 6.239 Thread 0x000000001463f000 1283       3       com.android.dx.rop.code.BasicBlockList::getInstructionCount (48 bytes)
Event: 6.240 Thread 0x000000001463f000 nmethod 1283 0x000000000246c850 code [0x000000000246c9e0, 0x000000000246d070]
Event: 6.241 Thread 0x000000001461d000 1284       4       com.android.dx.rop.code.Insn::getLocalAssignment (48 bytes)
Event: 6.243 Thread 0x000000001461d000 nmethod 1284 0x000000000246c450 code [0x000000000246c5a0, 0x000000000246c698]
Event: 6.247 Thread 0x000000001461d000 1285       4       com.android.dx.rop.code.RegisterSpecSet::equals (106 bytes)

GC Heap History (2 events):
Event: 4.892 GC heap before
{Heap before GC invocations=1 (full 0):
 PSYoungGen      total 38400K, used 33280K [0x00000000eab00000, 0x00000000ed580000, 0x0000000100000000)
  eden space 33280K, 100% used [0x00000000eab00000,0x00000000ecb80000,0x00000000ecb80000)
  from space 5120K, 0% used [0x00000000ed080000,0x00000000ed080000,0x00000000ed580000)
  to   space 5120K, 0% used [0x00000000ecb80000,0x00000000ecb80000,0x00000000ed080000)
 ParOldGen       total 87552K, used 0K [0x00000000c0000000, 0x00000000c5580000, 0x00000000eab00000)
  object space 87552K, 0% used [0x00000000c0000000,0x00000000c0000000,0x00000000c5580000)
 Metaspace       used 5721K, capacity 6768K, committed 7040K, reserved 1056768K
  class space    used 581K, capacity 616K, committed 640K, reserved 1048576K
Event: 4.996 GC heap after
Heap after GC invocations=1 (full 0):
 PSYoungGen      total 38400K, used 5105K [0x00000000eab00000, 0x00000000ef600000, 0x0000000100000000)
  eden space 33280K, 0% used [0x00000000eab00000,0x00000000eab00000,0x00000000ecb80000)
  from space 5120K, 99% used [0x00000000ecb80000,0x00000000ed07c550,0x00000000ed080000)
  to   space 5120K, 0% used [0x00000000ef100000,0x00000000ef100000,0x00000000ef600000)
 ParOldGen       total 87552K, used 3760K [0x00000000c0000000, 0x00000000c5580000, 0x00000000eab00000)
  object space 87552K, 4% used [0x00000000c0000000,0x00000000c03ac140,0x00000000c5580000)
 Metaspace       used 5721K, capacity 6768K, committed 7040K, reserved 1056768K
  class space    used 581K, capacity 616K, committed 640K, reserved 1048576K
}

Deoptimization events (10 events):
Event: 3.045 Thread 0x0000000015fc9800 Uncommon trap: reason=unreached action=reinterpret pc=0x00000000022267f0 method=com.android.dx.rop.code.RegisterSpec.equals(ILcom/android/dx/rop/type/TypeBearer;Lcom/android/dx/rop/code/LocalItem;)Z @ 24
Event: 3.265 Thread 0x0000000015fc2000 Uncommon trap: reason=unloaded action=reinterpret pc=0x0000000002208144 method=com.android.dx.ssa.SsaRenamer$BlockRenamer.visitMoveInsn(Lcom/android/dx/ssa/NormalSsaInsn;)V @ 208
Event: 3.848 Thread 0x0000000015fc2000 Uncommon trap: reason=class_check action=maybe_recompile pc=0x0000000002322824 method=com.android.dx.cf.code.BytecodeArray.parseInstruction(ILcom/android/dx/cf/code/BytecodeArray$Visitor;)I @ 1287
Event: 3.848 Thread 0x0000000015fc2000 Uncommon trap: reason=class_check action=maybe_recompile pc=0x0000000002322824 method=com.android.dx.cf.code.BytecodeArray.parseInstruction(ILcom/android/dx/cf/code/BytecodeArray$Visitor;)I @ 1287
Event: 4.379 Thread 0x0000000015fc2000 Uncommon trap: reason=class_check action=maybe_recompile pc=0x0000000002338f30 method=com.android.dx.ssa.NormalSsaInsn.accept(Lcom/android/dx/ssa/SsaInsn$Visitor;)V @ 9
Event: 4.439 Thread 0x0000000015fc2000 Uncommon trap: reason=class_check action=maybe_recompile pc=0x0000000002322824 method=com.android.dx.cf.code.BytecodeArray.parseInstruction(ILcom/android/dx/cf/code/BytecodeArray$Visitor;)I @ 1287
Event: 4.439 Thread 0x0000000015fc2000 Uncommon trap: reason=class_check action=maybe_recompile pc=0x0000000002322824 method=com.android.dx.cf.code.BytecodeArray.parseInstruction(ILcom/android/dx/cf/code/BytecodeArray$Visitor;)I @ 1287
Event: 4.678 Thread 0x0000000015fc9800 Uncommon trap: reason=class_check action=maybe_recompile pc=0x0000000002338f30 method=com.android.dx.ssa.NormalSsaInsn.accept(Lcom/android/dx/ssa/SsaInsn$Visitor;)V @ 9
Event: 4.679 Thread 0x0000000015fc9800 Uncommon trap: reason=class_check action=maybe_recompile pc=0x0000000002338f30 method=com.android.dx.ssa.NormalSsaInsn.accept(Lcom/android/dx/ssa/SsaInsn$Visitor;)V @ 9
Event: 4.679 Thread 0x0000000015fc9800 Uncommon trap: reason=class_check action=maybe_recompile pc=0x0000000002338f30 method=com.android.dx.ssa.NormalSsaInsn.accept(Lcom/android/dx/ssa/SsaInsn$Visitor;)V @ 9

Internal exceptions (10 events):
Event: 2.501 Thread 0x00000000160da800 Exception <a 'java/security/PrivilegedActionException'> (0x00000000eb35dcd8) thrown at [D:\re\workspace\8-2-build-windows-amd64-cygwin\jdk8u25\1677\hotspot\src\share\vm\prims\jvm.cpp, line 1312]
Event: 2.503 Thread 0x00000000160da800 Exception <a 'java/security/PrivilegedActionException'> (0x00000000eb363320) thrown at [D:\re\workspace\8-2-build-windows-amd64-cygwin\jdk8u25\1677\hotspot\src\share\vm\prims\jvm.cpp, line 1312]
Event: 2.504 Thread 0x00000000160da800 Exception <a 'java/security/PrivilegedActionException'> (0x00000000eb3663e8) thrown at [D:\re\workspace\8-2-build-windows-amd64-cygwin\jdk8u25\1677\hotspot\src\share\vm\prims\jvm.cpp, line 1312]
Event: 2.507 Thread 0x0000000015fcb800 Exception <a 'java/security/PrivilegedActionException'> (0x00000000eb46e688) thrown at [D:\re\workspace\8-2-build-windows-amd64-cygwin\jdk8u25\1677\hotspot\src\share\vm\prims\jvm.cpp, line 1312]
Event: 2.689 Thread 0x0000000015fcb800 Exception <a 'java/security/PrivilegedActionException'> (0x00000000eb4b7550) thrown at [D:\re\workspace\8-2-build-windows-amd64-cygwin\jdk8u25\1677\hotspot\src\share\vm\prims\jvm.cpp, line 1312]
Event: 2.993 Thread 0x0000000015fc2000 Exception <a 'java/security/PrivilegedActionException'> (0x00000000eb87bb48) thrown at [D:\re\workspace\8-2-build-windows-amd64-cygwin\jdk8u25\1677\hotspot\src\share\vm\prims\jvm.cpp, line 1312]
Event: 3.477 Thread 0x0000000001e50800 Exception <a 'java/security/PrivilegedActionException'> (0x00000000eb76d070) thrown at [D:\re\workspace\8-2-build-windows-amd64-cygwin\jdk8u25\1677\hotspot\src\share\vm\prims\jvm.cpp, line 1312]
Event: 3.478 Thread 0x0000000001e50800 Exception <a 'java/security/PrivilegedActionException'> (0x00000000eb772fb8) thrown at [D:\re\workspace\8-2-build-windows-amd64-cygwin\jdk8u25\1677\hotspot\src\share\vm\prims\jvm.cpp, line 1312]
Event: 5.314 Thread 0x0000000015fcb800 Exception <a 'java/security/PrivilegedActionException'> (0x00000000eb8fa678) thrown at [D:\re\workspace\8-2-build-windows-amd64-cygwin\jdk8u25\1677\hotspot\src\share\vm\prims\jvm.cpp, line 1312]
Event: 5.327 Thread 0x0000000015fcb800 Exception <a 'java/security/PrivilegedActionException'> (0x00000000eb962758) thrown at [D:\re\workspace\8-2-build-windows-amd64-cygwin\jdk8u25\1677\hotspot\src\share\vm\prims\jvm.cpp, line 1312]

Events (10 events):
Event: 5.672 Thread 0x0000000015fcb800 DEOPT PACKING pc=0x000000000226e89d sp=0x000000001686ec50
Event: 5.672 Thread 0x0000000015fcb800 DEOPT UNPACKING pc=0x0000000001f975bf sp=0x000000001686ea30 mode 0
Event: 5.690 Thread 0x0000000015fcb800 DEOPT PACKING pc=0x000000000226e89d sp=0x000000001686eb30
Event: 5.690 Thread 0x0000000015fcb800 DEOPT UNPACKING pc=0x0000000001f975bf sp=0x000000001686e910 mode 0
Event: 5.694 Thread 0x0000000015fcb800 DEOPT PACKING pc=0x000000000226e89d sp=0x000000001686ec50
Event: 5.694 Thread 0x0000000015fcb800 DEOPT UNPACKING pc=0x0000000001f975bf sp=0x000000001686ea30 mode 0
Event: 5.895 Thread 0x0000000015fcb800 DEOPT PACKING pc=0x0000000002437ecd sp=0x000000001686e8d0
Event: 5.895 Thread 0x0000000015fcb800 DEOPT UNPACKING pc=0x0000000001f975bf sp=0x000000001686e5d0 mode 0
Event: 5.898 Thread 0x0000000015fcb800 DEOPT PACKING pc=0x00000000022da7b8 sp=0x000000001686e890
Event: 5.898 Thread 0x0000000015fcb800 DEOPT UNPACKING pc=0x0000000001f975bf sp=0x000000001686e5b8 mode 0


Dynamic libraries:
0x00007ff64c260000 - 0x00007ff64c294000 	C:\Program Files\Java\jdk1.8.0_25\bin\java.exe
0x00007ff914bc0000 - 0x00007ff914d6d000 	C:\Windows\SYSTEM32\ntdll.dll
0x00007ff912b60000 - 0x00007ff912c9e000 	C:\Windows\system32\KERNEL32.DLL
0x00007ff912120000 - 0x00007ff912235000 	C:\Windows\system32\KERNELBASE.dll
0x00007ff9108b0000 - 0x00007ff91093e000 	C:\Windows\system32\apphelp.dll
0x00007ff904ea0000 - 0x00007ff904ef3000 	C:\Windows\AppPatch\AppPatch64\AcGenral.DLL
0x00007ff914710000 - 0x00007ff9147ba000 	C:\Windows\system32\msvcrt.dll
0x00007ff911ba0000 - 0x00007ff911bce000 	C:\Windows\SYSTEM32\SspiCli.dll
0x00007ff912540000 - 0x00007ff912594000 	C:\Windows\system32\SHLWAPI.dll
0x00007ff912d80000 - 0x00007ff912ef7000 	C:\Windows\system32\USER32.dll
0x00007ff914a10000 - 0x00007ff914ba4000 	C:\Windows\system32\ole32.dll
0x00007ff912f00000 - 0x00007ff91442a000 	C:\Windows\system32\SHELL32.dll
0x00007ff9112f0000 - 0x00007ff911311000 	C:\Windows\SYSTEM32\USERENV.dll
0x00007ff914440000 - 0x00007ff9144ea000 	C:\Windows\system32\ADVAPI32.dll
0x00007ff909950000 - 0x00007ff90996e000 	C:\Windows\SYSTEM32\MPR.dll
0x00007ff912830000 - 0x00007ff912971000 	C:\Windows\system32\RPCRT4.dll
0x00007ff914850000 - 0x00007ff9148a9000 	C:\Windows\SYSTEM32\sechost.dll
0x00007ff9125a0000 - 0x00007ff9127b1000 	C:\Windows\SYSTEM32\combase.dll
0x00007ff912240000 - 0x00007ff912390000 	C:\Windows\system32\GDI32.dll
0x00007ff911d10000 - 0x00007ff911d25000 	C:\Windows\SYSTEM32\profapi.dll
0x00007ff90fe60000 - 0x00007ff90ff12000 	C:\Windows\SYSTEM32\SHCORE.dll
0x00007ff9148b0000 - 0x00007ff9148e6000 	C:\Windows\system32\IMM32.DLL
0x00007ff9145b0000 - 0x00007ff914702000 	C:\Windows\system32\MSCTF.dll
0x00007ff90f910000 - 0x00007ff90fb8b000 	C:\Windows\WinSxS\amd64_microsoft.windows.common-controls_6595b64144ccf1df_6.0.9600.18006_none_623f33d3ecbe86e8\COMCTL32.dll
0x000000005ffd0000 - 0x00000000600a2000 	C:\Program Files\Java\jdk1.8.0_25\jre\bin\msvcr100.dll
0x0000000060a60000 - 0x00000000612ba000 	C:\Program Files\Java\jdk1.8.0_25\jre\bin\server\jvm.dll
0x00007ff905d30000 - 0x00007ff905d39000 	C:\Windows\SYSTEM32\WSOCK32.dll
0x00007ff909b20000 - 0x00007ff909b42000 	C:\Windows\SYSTEM32\WINMM.dll
0x00007ff9127c0000 - 0x00007ff9127c7000 	C:\Windows\system32\PSAPI.DLL
0x00007ff9127d0000 - 0x00007ff91282a000 	C:\Windows\system32\WS2_32.dll
0x00007ff909af0000 - 0x00007ff909b1a000 	C:\Windows\SYSTEM32\WINMMBASE.dll
0x00007ff912ca0000 - 0x00007ff912ca9000 	C:\Windows\system32\NSI.dll
0x00007ff911fc0000 - 0x00007ff91200f000 	C:\Windows\SYSTEM32\cfgmgr32.dll
0x00007ff910b00000 - 0x00007ff910b28000 	C:\Windows\SYSTEM32\DEVOBJ.dll
0x0000000060a50000 - 0x0000000060a5f000 	C:\Program Files\Java\jdk1.8.0_25\jre\bin\verify.dll
0x0000000060a20000 - 0x0000000060a48000 	C:\Program Files\Java\jdk1.8.0_25\jre\bin\java.dll
0x0000000060a00000 - 0x0000000060a16000 	C:\Program Files\Java\jdk1.8.0_25\jre\bin\zip.dll

VM Arguments:
jvm_args: -Djava.awt.headless=true -Xmx1024M -Dfile.encoding=windows-1252 -Duser.country=US -Duser.language=en -Duser.variant 
java_command: com.android.dx.command.Main --dex --force-jumbo --num-threads=4 --multi-dex --output D:\work\RefugeeCare\app\build\intermediates\transforms\dex\debug\folders\1000\5\slice_7 D:\work\RefugeeCare\app\build\intermediates\transforms\instantRunSlicer\debug\folders\1\5\slice_7
java_class_path (initial): D:\work\Programs\Programs\Android\AndroidStudio\sdk\build-tools\24.0.0\lib\dx.jar
Launcher Type: SUN_STANDARD

Environment Variables:
PATH=C:\Program Files\Java\jdk1.6.0_16\bin;C:\Program Files (x86)\nodejs\;C:\Users\Ahmed Khattab\AppData\Local\Programs\Python\Python35-32\Scripts\;C:\Users\Ahmed Khattab\AppData\Local\Programs\Python\Python35-32\;C:\Users\Ahmed Khattab\AppData\Roaming\npm;C:\Program Files\Java\jdk1.8.0_25\jre\bin;C:\Program Files (x86)\Java\jre1.8.0_45\bin;C:\Program Files\Java\jdk1.8.0_25\bin;D:\work\Collage\4th year\kbs\Jess71p2\bin
USERNAME=Ahmed Khattab 2
OS=Windows_NT
PROCESSOR_IDENTIFIER=Intel64 Family 6 Model 69 Stepping 1, GenuineIntel



---------------  S Y S T E M  ---------------

OS: Windows 8.1 , 64 bit Build 9600 

CPU:total 4 (2 cores per cpu, 2 threads per core) family 6 model 69 stepping 1, cmov, cx8, fxsr, mmx, sse, sse2, sse3, ssse3, sse4.1, sse4.2, popcnt, avx, avx2, aes, clmul, erms, lzcnt, ht, tsc, tscinvbit, bmi1, bmi2

Memory: 4k page, physical 8274284k(873956k free), swap 10411164k(7024k free)

vm_info: Java HotSpot(TM) 64-Bit Server VM (25.25-b02) for windows-amd64 JRE (1.8.0_25-b18), built on Oct  7 2014 14:25:37 by "java_re" with MS VC++ 10.0 (VS2010)

time: Fri Oct 28 06:32:58 2016
elapsed time: 6 seconds (0d 0h 0m 6s)

