#
# There is insufficient memory for the Java Runtime Environment to continue.
# Native memory allocation (malloc) failed to allocate 56336 bytes for Chunk::new
# Possible reasons:
#   The system is out of physical RAM or swap space
#   In 32 bit mode, the process size limit was hit
# Possible solutions:
#   Reduce memory load on the system
#   Increase physical memory or swap space
#   Check if swap backing store is full
#   Use 64 bit Java on a 64 bit OS
#   Decrease Java heap size (-Xmx/-Xms)
#   Decrease number of Java threads
#   Decrease Java thread stack sizes (-Xss)
#   Set larger code cache with -XX:ReservedCodeCacheSize=
# This output file may be truncated or incomplete.
#
#  Out of Memory Error (allocation.cpp:390), pid=3652, tid=6900
#
# JRE version: Java(TM) SE Runtime Environment (8.0_25-b18) (build 1.8.0_25-b18)
# Java VM: Java HotSpot(TM) 64-Bit Server VM (25.25-b02 mixed mode windows-amd64 compressed oops)
# Failed to write core dump. Minidumps are not enabled by default on client versions of Windows
#

---------------  T H R E A D  ---------------

Current thread (0x0000000014c40000):  JavaThread "C2 CompilerThread1" daemon [_thread_in_native, id=6900, stack(0x0000000016240000,0x0000000016340000)]

Stack: [0x0000000016240000,0x0000000016340000]
Native frames: (J=compiled Java code, j=interpreted, Vv=VM code, C=native code)
V  [jvm.dll+0x31667a]
V  [jvm.dll+0x267073]
V  [jvm.dll+0x267cb3]
V  [jvm.dll+0x25f5b5]
V  [jvm.dll+0xbf165]
V  [jvm.dll+0xbf60c]
V  [jvm.dll+0x45d672]
V  [jvm.dll+0x49e8ef]
V  [jvm.dll+0x4524ef]
V  [jvm.dll+0x453864]
V  [jvm.dll+0x437372]
V  [jvm.dll+0x98a02]
V  [jvm.dll+0x991f3]
V  [jvm.dll+0x22bde4]
V  [jvm.dll+0x2852fa]
C  [msvcr100.dll+0x21d9f]
C  [msvcr100.dll+0x21e3b]
C  [KERNEL32.DLL+0x13d2]
C  [ntdll.dll+0x154e4]


Current CompileTask:
C2:  13877 1606       4       com.android.dx.util.FixedSizeList::equals (41 bytes)


---------------  P R O C E S S  ---------------

Java Threads: ( => current thread )
  0x0000000002420800 JavaThread "DestroyJavaVM" [_thread_blocked, id=3480, stack(0x00000000022d0000,0x00000000023d0000)]
  0x0000000014c4b000 JavaThread "Service Thread" daemon [_thread_blocked, id=3212, stack(0x0000000016440000,0x0000000016540000)]
  0x0000000014c44000 JavaThread "C1 CompilerThread2" daemon [_thread_blocked, id=3032, stack(0x0000000016340000,0x0000000016440000)]
=>0x0000000014c40000 JavaThread "C2 CompilerThread1" daemon [_thread_in_native, id=6900, stack(0x0000000016240000,0x0000000016340000)]
  0x0000000014bec800 JavaThread "C2 CompilerThread0" daemon [_thread_blocked, id=9044, stack(0x0000000016140000,0x0000000016240000)]
  0x0000000014beb800 JavaThread "Attach Listener" daemon [_thread_blocked, id=8012, stack(0x0000000016040000,0x0000000016140000)]
  0x0000000014be9800 JavaThread "Signal Dispatcher" daemon [_thread_blocked, id=4008, stack(0x0000000015f40000,0x0000000016040000)]
  0x0000000002515000 JavaThread "Finalizer" daemon [_thread_blocked, id=1824, stack(0x0000000015e40000,0x0000000015f40000)]
  0x0000000014bb7800 JavaThread "Reference Handler" daemon [_thread_blocked, id=3048, stack(0x0000000015d40000,0x0000000015e40000)]

Other Threads:
  0x0000000014bb7000 VMThread [stack: 0x0000000015c40000,0x0000000015d40000] [id=4968]
  0x0000000014c4e000 WatcherThread [stack: 0x0000000016540000,0x0000000016640000] [id=3128]

VM state:not at safepoint (normal execution)

VM Mutex/Monitor currently owned by a thread: None

Heap:
 PSYoungGen      total 38400K, used 19163K [0x00000000eab00000, 0x00000000ef600000, 0x0000000100000000)
  eden space 33280K, 42% used [0x00000000eab00000,0x00000000eb8b8218,0x00000000ecb80000)
  from space 5120K, 99% used [0x00000000ecb80000,0x00000000ed07eab8,0x00000000ed080000)
  to   space 5120K, 0% used [0x00000000ef100000,0x00000000ef100000,0x00000000ef600000)
 ParOldGen       total 87552K, used 1463K [0x00000000c0000000, 0x00000000c5580000, 0x00000000eab00000)
  object space 87552K, 1% used [0x00000000c0000000,0x00000000c016dd10,0x00000000c5580000)
 Metaspace       used 6597K, capacity 7256K, committed 7424K, reserved 1056768K
  class space    used 639K, capacity 656K, committed 768K, reserved 1048576K

Card table byte_map: [0x00000000118e0000,0x0000000011af0000] byte_map_base: 0x00000000112e0000

Marking Bits: (ParMarkBitMap*) 0x000000005793d490
 Begin Bits: [0x0000000012050000, 0x0000000013050000)
 End Bits:   [0x0000000013050000, 0x0000000014050000)

Polling page: 0x0000000000a60000

CodeCache: size=245760Kb used=6157Kb max_used=6157Kb free=239602Kb
 bounds [0x0000000002520000, 0x0000000002b30000, 0x0000000011520000]
 total_blobs=1919 nmethods=1648 adapters=184
 compilation: disabled (not enough contiguous free space left)

Compilation events (10 events):
Event: 7.412 Thread 0x0000000014c44000 1601       3       com.android.dx.dex.code.TargetInsn::getTargetOffset (13 bytes)
Event: 7.412 Thread 0x0000000014c44000 nmethod 1601 0x0000000002afd810 code [0x0000000002afd9a0, 0x0000000002afde78]
Event: 7.412 Thread 0x0000000014c44000 1600       3       com.android.dx.dex.code.TargetInsn::hasTargetOffset (23 bytes)
Event: 7.413 Thread 0x0000000014c44000 nmethod 1600 0x0000000002b05310 code [0x0000000002b05480, 0x0000000002b058f0]
Event: 7.413 Thread 0x0000000014c44000 1602       1       com.android.dx.dex.code.Dop::getNextOpcode (5 bytes)
Event: 7.413 Thread 0x0000000014c44000 nmethod 1602 0x0000000002afd550 code [0x0000000002afd6a0, 0x0000000002afd7b0]
Event: 7.414 Thread 0x0000000014c44000 1603       3       com.android.dx.dex.code.StdCatchBuilder::build (262 bytes)
Event: 7.418 Thread 0x0000000014c40000 1606       4       com.android.dx.util.FixedSizeList::equals (41 bytes)
Event: 7.421 Thread 0x0000000014c44000 nmethod 1603 0x0000000002b059d0 code [0x0000000002b05ec0, 0x0000000002b096a8]
Event: 7.421 Thread 0x0000000014c44000 1604       3       com.android.dx.dex.code.LocalList$MakeState::<init> (37 bytes)

GC Heap History (2 events):
Event: 5.093 GC heap before
{Heap before GC invocations=1 (full 0):
 PSYoungGen      total 38400K, used 33280K [0x00000000eab00000, 0x00000000ed580000, 0x0000000100000000)
  eden space 33280K, 100% used [0x00000000eab00000,0x00000000ecb80000,0x00000000ecb80000)
  from space 5120K, 0% used [0x00000000ed080000,0x00000000ed080000,0x00000000ed580000)
  to   space 5120K, 0% used [0x00000000ecb80000,0x00000000ecb80000,0x00000000ed080000)
 ParOldGen       total 87552K, used 0K [0x00000000c0000000, 0x00000000c5580000, 0x00000000eab00000)
  object space 87552K, 0% used [0x00000000c0000000,0x00000000c0000000,0x00000000c5580000)
 Metaspace       used 5964K, capacity 6896K, committed 7040K, reserved 1056768K
  class space    used 589K, capacity 616K, committed 640K, reserved 1048576K
Event: 5.235 GC heap after
Heap after GC invocations=1 (full 0):
 PSYoungGen      total 38400K, used 5114K [0x00000000eab00000, 0x00000000ef600000, 0x0000000100000000)
  eden space 33280K, 0% used [0x00000000eab00000,0x00000000eab00000,0x00000000ecb80000)
  from space 5120K, 99% used [0x00000000ecb80000,0x00000000ed07eab8,0x00000000ed080000)
  to   space 5120K, 0% used [0x00000000ef100000,0x00000000ef100000,0x00000000ef600000)
 ParOldGen       total 87552K, used 1463K [0x00000000c0000000, 0x00000000c5580000, 0x00000000eab00000)
  object space 87552K, 1% used [0x00000000c0000000,0x00000000c016dd10,0x00000000c5580000)
 Metaspace       used 5964K, capacity 6896K, committed 7040K, reserved 1056768K
  class space    used 589K, capacity 616K, committed 640K, reserved 1048576K
}

Deoptimization events (10 events):
Event: 6.968 Thread 0x0000000016883000 Uncommon trap: reason=bimorphic action=maybe_recompile pc=0x00000000027433b0 method=java.util.HashMap.getNode(ILjava/lang/Object;)Ljava/util/HashMap$Node; @ 126
Event: 7.004 Thread 0x0000000016883000 Uncommon trap: reason=class_check action=maybe_recompile pc=0x0000000002ab2cfc method=java.util.HashMap.putVal(ILjava/lang/Object;Ljava/lang/Object;ZZ)Ljava/lang/Object; @ 203
Event: 7.291 Thread 0x0000000016883000 Uncommon trap: reason=speculate_class_check action=maybe_recompile pc=0x00000000028e456c method=com.android.dx.util.FixedSizeList.equals(Ljava/lang/Object;)Z @ 25
Event: 7.291 Thread 0x0000000016883000 Uncommon trap: reason=class_check action=maybe_recompile pc=0x00000000028eb988 method=java.util.Arrays.equals([Ljava/lang/Object;[Ljava/lang/Object;)Z @ 62
Event: 7.291 Thread 0x0000000016883000 Uncommon trap: reason=speculate_class_check action=maybe_recompile pc=0x00000000028e456c method=com.android.dx.util.FixedSizeList.equals(Ljava/lang/Object;)Z @ 25
Event: 7.291 Thread 0x0000000016883000 Uncommon trap: reason=class_check action=maybe_recompile pc=0x00000000028eb988 method=java.util.Arrays.equals([Ljava/lang/Object;[Ljava/lang/Object;)Z @ 62
Event: 7.291 Thread 0x0000000016883000 Uncommon trap: reason=speculate_class_check action=maybe_recompile pc=0x00000000028e456c method=com.android.dx.util.FixedSizeList.equals(Ljava/lang/Object;)Z @ 25
Event: 7.291 Thread 0x0000000016883000 Uncommon trap: reason=class_check action=maybe_recompile pc=0x00000000028eb988 method=java.util.Arrays.equals([Ljava/lang/Object;[Ljava/lang/Object;)Z @ 62
Event: 7.291 Thread 0x0000000016883000 Uncommon trap: reason=speculate_class_check action=maybe_recompile pc=0x00000000028e456c method=com.android.dx.util.FixedSizeList.equals(Ljava/lang/Object;)Z @ 25
Event: 7.291 Thread 0x0000000016883000 Uncommon trap: reason=class_check action=maybe_recompile pc=0x00000000028eb988 method=java.util.Arrays.equals([Ljava/lang/Object;[Ljava/lang/Object;)Z @ 62

Internal exceptions (10 events):
Event: 7.114 Thread 0x0000000016883000 Exception <a 'java/security/PrivilegedActionException'> (0x00000000eb7308d0) thrown at [D:\re\workspace\8-2-build-windows-amd64-cygwin\jdk8u25\1677\hotspot\src\share\vm\prims\jvm.cpp, line 1312]
Event: 7.116 Thread 0x0000000016883000 Exception <a 'java/security/PrivilegedActionException'> (0x00000000eb736140) thrown at [D:\re\workspace\8-2-build-windows-amd64-cygwin\jdk8u25\1677\hotspot\src\share\vm\prims\jvm.cpp, line 1312]
Event: 7.117 Thread 0x0000000016883000 Exception <a 'java/security/PrivilegedActionException'> (0x00000000eb739840) thrown at [D:\re\workspace\8-2-build-windows-amd64-cygwin\jdk8u25\1677\hotspot\src\share\vm\prims\jvm.cpp, line 1312]
Event: 7.117 Thread 0x0000000016883000 Exception <a 'java/security/PrivilegedActionException'> (0x00000000eb73c3a0) thrown at [D:\re\workspace\8-2-build-windows-amd64-cygwin\jdk8u25\1677\hotspot\src\share\vm\prims\jvm.cpp, line 1312]
Event: 7.118 Thread 0x0000000016883000 Exception <a 'java/security/PrivilegedActionException'> (0x00000000eb741758) thrown at [D:\re\workspace\8-2-build-windows-amd64-cygwin\jdk8u25\1677\hotspot\src\share\vm\prims\jvm.cpp, line 1312]
Event: 7.120 Thread 0x0000000016883000 Exception <a 'java/security/PrivilegedActionException'> (0x00000000eb747e58) thrown at [D:\re\workspace\8-2-build-windows-amd64-cygwin\jdk8u25\1677\hotspot\src\share\vm\prims\jvm.cpp, line 1312]
Event: 7.120 Thread 0x0000000016883000 Exception <a 'java/security/PrivilegedActionException'> (0x00000000eb74c6a8) thrown at [D:\re\workspace\8-2-build-windows-amd64-cygwin\jdk8u25\1677\hotspot\src\share\vm\prims\jvm.cpp, line 1312]
Event: 7.290 Thread 0x0000000016883000 Exception <a 'java/security/PrivilegedActionException'> (0x00000000eb788700) thrown at [D:\re\workspace\8-2-build-windows-amd64-cygwin\jdk8u25\1677\hotspot\src\share\vm\prims\jvm.cpp, line 1312]
Event: 7.292 Thread 0x0000000016883000 Exception <a 'java/security/PrivilegedActionException'> (0x00000000eb78bb60) thrown at [D:\re\workspace\8-2-build-windows-amd64-cygwin\jdk8u25\1677\hotspot\src\share\vm\prims\jvm.cpp, line 1312]
Event: 7.292 Thread 0x0000000016883000 Exception <a 'java/security/PrivilegedActionException'> (0x00000000eb78ef88) thrown at [D:\re\workspace\8-2-build-windows-amd64-cygwin\jdk8u25\1677\hotspot\src\share\vm\prims\jvm.cpp, line 1312]

Events (10 events):
Event: 7.291 Thread 0x0000000016883000 Uncommon trap: trap_request=0xffffff76 fr.pc=0x00000000028e456c
Event: 7.291 Thread 0x0000000016883000 DEOPT PACKING pc=0x00000000028e456c sp=0x0000000016b3e5a0
Event: 7.291 Thread 0x0000000016883000 DEOPT UNPACKING pc=0x000000000256556a sp=0x0000000016b3e560 mode 2
Event: 7.291 Thread 0x0000000016883000 Uncommon trap: trap_request=0xffffffde fr.pc=0x00000000028eb988
Event: 7.291 Thread 0x0000000016883000 DEOPT PACKING pc=0x00000000028eb988 sp=0x0000000016b3e530
Event: 7.291 Thread 0x0000000016883000 DEOPT UNPACKING pc=0x000000000256556a sp=0x0000000016b3e4d0 mode 2
Event: 7.291 loading class com/android/dx/dex/code/CatchTable$Entry
Event: 7.291 loading class com/android/dx/dex/code/CatchTable$Entry done
Event: 7.292 loading class com/android/dx/util/ByteArrayAnnotatedOutput
Event: 7.292 loading class com/android/dx/util/ByteArrayAnnotatedOutput done


Dynamic libraries:
0x00007ff7150d0000 - 0x00007ff715104000 	C:\Program Files\Java\jdk1.8.0_25\bin\java.exe
0x00007ffd3d050000 - 0x00007ffd3d1fd000 	C:\Windows\SYSTEM32\ntdll.dll
0x00007ffd3aae0000 - 0x00007ffd3ac1e000 	C:\Windows\system32\KERNEL32.DLL
0x00007ffd3a500000 - 0x00007ffd3a615000 	C:\Windows\system32\KERNELBASE.dll
0x00007ffd38d40000 - 0x00007ffd38dce000 	C:\Windows\system32\apphelp.dll
0x00007ffd2f1d0000 - 0x00007ffd2f223000 	C:\Windows\AppPatch\AppPatch64\AcGenral.DLL
0x00007ffd3cad0000 - 0x00007ffd3cb7a000 	C:\Windows\system32\msvcrt.dll
0x00007ffd3a030000 - 0x00007ffd3a05e000 	C:\Windows\SYSTEM32\SspiCli.dll
0x00007ffd3c730000 - 0x00007ffd3c784000 	C:\Windows\system32\SHLWAPI.dll
0x00007ffd3ced0000 - 0x00007ffd3d047000 	C:\Windows\system32\USER32.dll
0x00007ffd3cb80000 - 0x00007ffd3cd14000 	C:\Windows\system32\ole32.dll
0x00007ffd3b200000 - 0x00007ffd3c72a000 	C:\Windows\system32\SHELL32.dll
0x00007ffd397c0000 - 0x00007ffd397e1000 	C:\Windows\SYSTEM32\USERENV.dll
0x00007ffd3ade0000 - 0x00007ffd3ae8a000 	C:\Windows\system32\ADVAPI32.dll
0x00007ffd32520000 - 0x00007ffd3253e000 	C:\Windows\SYSTEM32\MPR.dll
0x00007ffd3a990000 - 0x00007ffd3aad1000 	C:\Windows\system32\RPCRT4.dll
0x00007ffd3ad80000 - 0x00007ffd3add9000 	C:\Windows\SYSTEM32\sechost.dll
0x00007ffd3c8b0000 - 0x00007ffd3cac1000 	C:\Windows\SYSTEM32\combase.dll
0x00007ffd3ac20000 - 0x00007ffd3ad70000 	C:\Windows\system32\GDI32.dll
0x00007ffd3a1a0000 - 0x00007ffd3a1b5000 	C:\Windows\SYSTEM32\profapi.dll
0x00007ffd386f0000 - 0x00007ffd387a2000 	C:\Windows\SYSTEM32\SHCORE.dll
0x00007ffd3a750000 - 0x00007ffd3a786000 	C:\Windows\system32\IMM32.DLL
0x00007ffd3b0a0000 - 0x00007ffd3b1f2000 	C:\Windows\system32\MSCTF.dll
0x00007ffd35d10000 - 0x00007ffd35f8b000 	C:\Windows\WinSxS\amd64_microsoft.windows.common-controls_6595b64144ccf1df_6.0.9600.18006_none_623f33d3ecbe86e8\COMCTL32.dll
0x0000000056ce0000 - 0x0000000056db2000 	C:\Program Files\Java\jdk1.8.0_25\jre\bin\msvcr100.dll
0x0000000057160000 - 0x00000000579ba000 	C:\Program Files\Java\jdk1.8.0_25\jre\bin\server\jvm.dll
0x00007ffd32cb0000 - 0x00007ffd32cb9000 	C:\Windows\SYSTEM32\WSOCK32.dll
0x00007ffd30b10000 - 0x00007ffd30b32000 	C:\Windows\SYSTEM32\WINMM.dll
0x00007ffd3a730000 - 0x00007ffd3a737000 	C:\Windows\system32\PSAPI.DLL
0x00007ffd3a6d0000 - 0x00007ffd3a72a000 	C:\Windows\system32\WS2_32.dll
0x00007ffd30700000 - 0x00007ffd3072a000 	C:\Windows\SYSTEM32\WINMMBASE.dll
0x00007ffd3ad70000 - 0x00007ffd3ad79000 	C:\Windows\system32\NSI.dll
0x00007ffd3a270000 - 0x00007ffd3a2bf000 	C:\Windows\SYSTEM32\cfgmgr32.dll
0x00007ffd38f90000 - 0x00007ffd38fb8000 	C:\Windows\SYSTEM32\DEVOBJ.dll
0x0000000057150000 - 0x000000005715f000 	C:\Program Files\Java\jdk1.8.0_25\jre\bin\verify.dll
0x0000000057120000 - 0x0000000057148000 	C:\Program Files\Java\jdk1.8.0_25\jre\bin\java.dll
0x0000000057100000 - 0x0000000057116000 	C:\Program Files\Java\jdk1.8.0_25\jre\bin\zip.dll
0x00007ffd286b0000 - 0x00007ffd28839000 	C:\Windows\SYSTEM32\dbghelp.dll

VM Arguments:
jvm_args: -Djava.awt.headless=true -Xmx1024M -Dfile.encoding=windows-1252 -Duser.country=US -Duser.language=en -Duser.variant 
java_command: com.android.dx.command.Main --dex --force-jumbo --num-threads=4 --multi-dex --output D:\work\RefugeeCare\app\build\intermediates\transforms\dex\debug\folders\1000\10\com.google.android.gms-play-services-auth-9.6.1_224519d15c86e60580110b3ac3093362db23212d D:\work\RefugeeCare\app\build\intermediates\exploded-aar\com.google.android.gms\play-services-auth\9.6.1\jars\classes.jar
java_class_path (initial): D:\work\Programs\Programs\Android\AndroidStudio\sdk\build-tools\24.0.0\lib\dx.jar
Launcher Type: SUN_STANDARD

Environment Variables:
PATH=C:\Program Files\Java\jdk1.6.0_16\bin;C:\Program Files (x86)\nodejs\;C:\Users\Ahmed Khattab\AppData\Local\Programs\Python\Python35-32\Scripts\;C:\Users\Ahmed Khattab\AppData\Local\Programs\Python\Python35-32\;C:\Users\Ahmed Khattab\AppData\Roaming\npm;C:\Program Files\Java\jdk1.8.0_25\jre\bin;C:\Program Files (x86)\Java\jre1.8.0_45\bin;C:\Program Files\Java\jdk1.8.0_25\bin;D:\work\Collage\4th year\kbs\Jess71p2\bin
USERNAME=Ahmed Khattab 2
OS=Windows_NT
PROCESSOR_IDENTIFIER=Intel64 Family 6 Model 69 Stepping 1, GenuineIntel



---------------  S Y S T E M  ---------------

OS: Windows 8.1 , 64 bit Build 9600 

CPU:total 4 (2 cores per cpu, 2 threads per core) family 6 model 69 stepping 1, cmov, cx8, fxsr, mmx, sse, sse2, sse3, ssse3, sse4.1, sse4.2, popcnt, avx, avx2, aes, clmul, erms, lzcnt, ht, tsc, tscinvbit, bmi1, bmi2

Memory: 4k page, physical 8274284k(1059648k free), swap 11028860k(186720k free)

vm_info: Java HotSpot(TM) 64-Bit Server VM (25.25-b02) for windows-amd64 JRE (1.8.0_25-b18), built on Oct  7 2014 14:25:37 by "java_re" with MS VC++ 10.0 (VS2010)

time: Wed Oct 26 10:42:13 2016
elapsed time: 13 seconds (0d 0h 0m 13s)

