#
# There is insufficient memory for the Java Runtime Environment to continue.
# Native memory allocation (malloc) failed to allocate 163328 bytes for Chunk::new
# Possible reasons:
#   The system is out of physical RAM or swap space
#   In 32 bit mode, the process size limit was hit
# Possible solutions:
#   Reduce memory load on the system
#   Increase physical memory or swap space
#   Check if swap backing store is full
#   Use 64 bit Java on a 64 bit OS
#   Decrease Java heap size (-Xmx/-Xms)
#   Decrease number of Java threads
#   Decrease Java thread stack sizes (-Xss)
#   Set larger code cache with -XX:ReservedCodeCacheSize=
# This output file may be truncated or incomplete.
#
#  Out of Memory Error (allocation.cpp:390), pid=7676, tid=8036
#
# JRE version: Java(TM) SE Runtime Environment (8.0_25-b18) (build 1.8.0_25-b18)
# Java VM: Java HotSpot(TM) 64-Bit Server VM (25.25-b02 mixed mode windows-amd64 compressed oops)
# Failed to write core dump. Minidumps are not enabled by default on client versions of Windows
#

---------------  T H R E A D  ---------------

Current thread (0x000000001477f000):  JavaThread "C2 CompilerThread1" daemon [_thread_in_native, id=8036, stack(0x0000000015de0000,0x0000000015ee0000)]

Stack: [0x0000000015de0000,0x0000000015ee0000]
Native frames: (J=compiled Java code, j=interpreted, Vv=VM code, C=native code)
V  [jvm.dll+0x31667a]


Current CompileTask:
C2:   3011 1344       4       com.android.dx.ssa.SCCP::simulateStmt (481 bytes)


---------------  P R O C E S S  ---------------

Java Threads: ( => current thread )
  0x0000000016475800 JavaThread "pool-2-thread-4" [_thread_in_vm, id=5276, stack(0x00000000171e0000,0x00000000172e0000)]
  0x0000000016472800 JavaThread "pool-2-thread-3" [_thread_blocked, id=7732, stack(0x00000000170e0000,0x00000000171e0000)]
  0x0000000016472000 JavaThread "pool-2-thread-2" [_thread_blocked, id=7368, stack(0x0000000016fe0000,0x00000000170e0000)]
  0x000000001651c000 JavaThread "pool-3-thread-1" [_thread_blocked, id=7760, stack(0x0000000016ee0000,0x0000000016fe0000)]
  0x0000000016519000 JavaThread "pool-2-thread-1" [_thread_blocked, id=6804, stack(0x0000000016de0000,0x0000000016ee0000)]
  0x00000000147da000 JavaThread "Service Thread" daemon [_thread_blocked, id=2324, stack(0x0000000015fe0000,0x00000000160e0000)]
  0x00000000147c8000 JavaThread "C1 CompilerThread2" daemon [_thread_blocked, id=2104, stack(0x0000000015ee0000,0x0000000015fe0000)]
=>0x000000001477f000 JavaThread "C2 CompilerThread1" daemon [_thread_in_native, id=8036, stack(0x0000000015de0000,0x0000000015ee0000)]
  0x000000001477c000 JavaThread "C2 CompilerThread0" daemon [_thread_blocked, id=7448, stack(0x0000000015ce0000,0x0000000015de0000)]
  0x000000001477a800 JavaThread "Attach Listener" daemon [_thread_blocked, id=2868, stack(0x0000000015be0000,0x0000000015ce0000)]
  0x0000000014779000 JavaThread "Signal Dispatcher" daemon [_thread_blocked, id=4320, stack(0x0000000015ae0000,0x0000000015be0000)]
  0x00000000020a6000 JavaThread "Finalizer" daemon [_thread_blocked, id=2220, stack(0x00000000159e0000,0x0000000015ae0000)]
  0x000000000209d000 JavaThread "Reference Handler" daemon [_thread_blocked, id=7048, stack(0x00000000158e0000,0x00000000159e0000)]
  0x0000000001fb0800 JavaThread "main" [_thread_in_Java, id=8140, stack(0x0000000001eb0000,0x0000000001fb0000)]

Other Threads:
  0x0000000014746800 VMThread [stack: 0x00000000157e0000,0x00000000158e0000] [id=7904]
  0x00000000147dd800 WatcherThread [stack: 0x00000000160e0000,0x00000000161e0000] [id=5636]

VM state:not at safepoint (normal execution)

VM Mutex/Monitor currently owned by a thread:  ([mutex/lock_event])
[0x0000000001dfc090] CompiledIC_lock - owner thread: 0x0000000016475800

Heap:
 PSYoungGen      total 38400K, used 10641K [0x00000000eab00000, 0x00000000ef600000, 0x0000000100000000)
  eden space 33280K, 16% used [0x00000000eab00000,0x00000000eb0662b0,0x00000000ecb80000)
  from space 5120K, 99% used [0x00000000ecb80000,0x00000000ed07e460,0x00000000ed080000)
  to   space 5120K, 0% used [0x00000000ef100000,0x00000000ef100000,0x00000000ef600000)
 ParOldGen       total 87552K, used 1011K [0x00000000c0000000, 0x00000000c5580000, 0x00000000eab00000)
  object space 87552K, 1% used [0x00000000c0000000,0x00000000c00fcce8,0x00000000c5580000)
 Metaspace       used 6006K, capacity 6960K, committed 7040K, reserved 1056768K
  class space    used 592K, capacity 616K, committed 640K, reserved 1048576K

Card table byte_map: [0x0000000011470000,0x0000000011680000] byte_map_base: 0x0000000010e70000

Marking Bits: (ParMarkBitMap*) 0x000000006123d490
 Begin Bits: [0x0000000011be0000, 0x0000000012be0000)
 End Bits:   [0x0000000012be0000, 0x0000000013be0000)

Polling page: 0x0000000000420000

CodeCache: size=245760Kb used=5168Kb max_used=5180Kb free=240591Kb
 bounds [0x00000000020b0000, 0x00000000025d0000, 0x00000000110b0000]
 total_blobs=1611 nmethods=1346 adapters=179
 compilation: enabled

Compilation events (10 events):
Event: 2.901 Thread 0x00000000147c8000 nmethod 1346 0x00000000025b9b50 code [0x00000000025b9ca0, 0x00000000025b9e30]
Event: 2.901 Thread 0x00000000147c8000 1341       3       java.lang.Thread::interrupted (8 bytes)
Event: 2.901 Thread 0x00000000147c8000 nmethod 1341 0x00000000025b4f90 code [0x00000000025b5100, 0x00000000025b5288]
Event: 2.901 Thread 0x00000000147c8000 1347       3       com.android.dx.ssa.BasicRegisterMapper::<init> (17 bytes)
Event: 2.901 Thread 0x00000000147c8000 nmethod 1347 0x00000000025b4a10 code [0x00000000025b4b80, 0x00000000025b4e48]
Event: 2.908 Thread 0x000000001477c000 nmethod 1286 0x00000000025be190 code [0x00000000025be6c0, 0x00000000025c0cf0]
Event: 2.908 Thread 0x000000001477c000 1343       4       java.util.Collections$UnmodifiableCollection::iterator (9 bytes)
Event: 2.914 Thread 0x000000001477c000 nmethod 1343 0x00000000025b2e10 code [0x00000000025b2f80, 0x00000000025b3238]
Event: 2.914 Thread 0x000000001477c000 1321       4       com.android.dx.ssa.SsaMethod$2::visitNonMoveInsn (6 bytes)
Event: 2.930 Thread 0x000000001477c000 nmethod 1321 0x00000000025bb5d0 code [0x00000000025bb740, 0x00000000025bbd08]

GC Heap History (2 events):
Event: 2.652 GC heap before
{Heap before GC invocations=1 (full 0):
 PSYoungGen      total 38400K, used 33280K [0x00000000eab00000, 0x00000000ed580000, 0x0000000100000000)
  eden space 33280K, 100% used [0x00000000eab00000,0x00000000ecb80000,0x00000000ecb80000)
  from space 5120K, 0% used [0x00000000ed080000,0x00000000ed080000,0x00000000ed580000)
  to   space 5120K, 0% used [0x00000000ecb80000,0x00000000ecb80000,0x00000000ed080000)
 ParOldGen       total 87552K, used 0K [0x00000000c0000000, 0x00000000c5580000, 0x00000000eab00000)
  object space 87552K, 0% used [0x00000000c0000000,0x00000000c0000000,0x00000000c5580000)
 Metaspace       used 5971K, capacity 6896K, committed 7040K, reserved 1056768K
  class space    used 592K, capacity 616K, committed 640K, reserved 1048576K
Event: 2.761 GC heap after
Heap after GC invocations=1 (full 0):
 PSYoungGen      total 38400K, used 5113K [0x00000000eab00000, 0x00000000ef600000, 0x0000000100000000)
  eden space 33280K, 0% used [0x00000000eab00000,0x00000000eab00000,0x00000000ecb80000)
  from space 5120K, 99% used [0x00000000ecb80000,0x00000000ed07e460,0x00000000ed080000)
  to   space 5120K, 0% used [0x00000000ef100000,0x00000000ef100000,0x00000000ef600000)
 ParOldGen       total 87552K, used 1011K [0x00000000c0000000, 0x00000000c5580000, 0x00000000eab00000)
  object space 87552K, 1% used [0x00000000c0000000,0x00000000c00fcce8,0x00000000c5580000)
 Metaspace       used 5971K, capacity 6896K, committed 7040K, reserved 1056768K
  class space    used 592K, capacity 616K, committed 640K, reserved 1048576K
}

Deoptimization events (3 events):
Event: 2.342 Thread 0x0000000016475800 Uncommon trap: reason=bimorphic action=maybe_recompile pc=0x000000000230e4e0 method=java.util.HashMap.getNode(ILjava/lang/Object;)Ljava/util/HashMap$Node; @ 126
Event: 2.344 Thread 0x0000000016519000 Uncommon trap: reason=unreached action=reinterpret pc=0x00000000023d73b8 method=com.android.dx.rop.code.LocalItem.hashCode()I @ 25
Event: 2.344 Thread 0x0000000016519000 Uncommon trap: reason=unreached action=reinterpret pc=0x00000000023a4c10 method=com.android.dx.rop.code.LocalItem.hashCode()I @ 25

Internal exceptions (10 events):
Event: 1.760 Thread 0x0000000016472800 Exception <a 'java/security/PrivilegedActionException'> (0x00000000eba12978) thrown at [D:\re\workspace\8-2-build-windows-amd64-cygwin\jdk8u25\1677\hotspot\src\share\vm\prims\jvm.cpp, line 1312]
Event: 1.761 Thread 0x0000000016472800 Exception <a 'java/security/PrivilegedActionException'> (0x00000000eba18448) thrown at [D:\re\workspace\8-2-build-windows-amd64-cygwin\jdk8u25\1677\hotspot\src\share\vm\prims\jvm.cpp, line 1312]
Event: 1.762 Thread 0x0000000016472800 Exception <a 'java/security/PrivilegedActionException'> (0x00000000eba1dca8) thrown at [D:\re\workspace\8-2-build-windows-amd64-cygwin\jdk8u25\1677\hotspot\src\share\vm\prims\jvm.cpp, line 1312]
Event: 1.778 Thread 0x0000000016472000 Exception <a 'java/security/PrivilegedActionException'> (0x00000000eb91d158) thrown at [D:\re\workspace\8-2-build-windows-amd64-cygwin\jdk8u25\1677\hotspot\src\share\vm\prims\jvm.cpp, line 1312]
Event: 1.846 Thread 0x0000000016472000 Exception <a 'java/security/PrivilegedActionException'> (0x00000000eb934190) thrown at [D:\re\workspace\8-2-build-windows-amd64-cygwin\jdk8u25\1677\hotspot\src\share\vm\prims\jvm.cpp, line 1312]
Event: 1.853 Thread 0x0000000016472000 Exception <a 'java/security/PrivilegedActionException'> (0x00000000ebd80a60) thrown at [D:\re\workspace\8-2-build-windows-amd64-cygwin\jdk8u25\1677\hotspot\src\share\vm\prims\jvm.cpp, line 1312]
Event: 2.001 Thread 0x0000000016472000 Exception <a 'java/security/PrivilegedActionException'> (0x00000000ebe02b20) thrown at [D:\re\workspace\8-2-build-windows-amd64-cygwin\jdk8u25\1677\hotspot\src\share\vm\prims\jvm.cpp, line 1312]
Event: 2.302 Thread 0x0000000001fb0800 Exception <a 'java/security/PrivilegedActionException'> (0x00000000ec3f8810) thrown at [D:\re\workspace\8-2-build-windows-amd64-cygwin\jdk8u25\1677\hotspot\src\share\vm\prims\jvm.cpp, line 1312]
Event: 2.326 Thread 0x0000000001fb0800 Exception <a 'java/security/PrivilegedActionException'> (0x00000000ec40bea0) thrown at [D:\re\workspace\8-2-build-windows-amd64-cygwin\jdk8u25\1677\hotspot\src\share\vm\prims\jvm.cpp, line 1312]
Event: 2.352 Thread 0x0000000016519000 Exception <a 'java/security/PrivilegedActionException'> (0x00000000ec55fff8) thrown at [D:\re\workspace\8-2-build-windows-amd64-cygwin\jdk8u25\1677\hotspot\src\share\vm\prims\jvm.cpp, line 1312]

Events (10 events):
Event: 2.344 Thread 0x0000000016519000 DEOPT PACKING pc=0x00000000023a4c10 sp=0x0000000016eded00
Event: 2.344 Thread 0x0000000016519000 DEOPT UNPACKING pc=0x00000000020f556a sp=0x0000000016edec50 mode 2
Event: 2.352 loading class com/android/dx/cf/code/SwitchList
Event: 2.352 loading class com/android/dx/cf/code/SwitchList done
Event: 2.425 loading class java/util/DualPivotQuicksort
Event: 2.425 loading class java/util/DualPivotQuicksort done
Event: 2.650 Executing VM operation: ParallelGCFailedAllocation
Event: 2.761 Executing VM operation: ParallelGCFailedAllocation done
Event: 2.761 loading class sun/misc/Cleaner
Event: 2.761 loading class sun/misc/Cleaner done


Dynamic libraries:
0x00007ff64c260000 - 0x00007ff64c294000 	C:\Program Files\Java\jdk1.8.0_25\bin\java.exe
0x00007ff914bc0000 - 0x00007ff914d6d000 	C:\Windows\SYSTEM32\ntdll.dll
0x00007ff912b60000 - 0x00007ff912c9e000 	C:\Windows\system32\KERNEL32.DLL
0x00007ff912120000 - 0x00007ff912235000 	C:\Windows\system32\KERNELBASE.dll
0x00007ff9108b0000 - 0x00007ff91093e000 	C:\Windows\system32\apphelp.dll
0x00007ff904ea0000 - 0x00007ff904ef3000 	C:\Windows\AppPatch\AppPatch64\AcGenral.DLL
0x00007ff914710000 - 0x00007ff9147ba000 	C:\Windows\system32\msvcrt.dll
0x00007ff911ba0000 - 0x00007ff911bce000 	C:\Windows\SYSTEM32\SspiCli.dll
0x00007ff912540000 - 0x00007ff912594000 	C:\Windows\system32\SHLWAPI.dll
0x00007ff912d80000 - 0x00007ff912ef7000 	C:\Windows\system32\USER32.dll
0x00007ff914a10000 - 0x00007ff914ba4000 	C:\Windows\system32\ole32.dll
0x00007ff912f00000 - 0x00007ff91442a000 	C:\Windows\system32\SHELL32.dll
0x00007ff9112f0000 - 0x00007ff911311000 	C:\Windows\SYSTEM32\USERENV.dll
0x00007ff914440000 - 0x00007ff9144ea000 	C:\Windows\system32\ADVAPI32.dll
0x00007ff909950000 - 0x00007ff90996e000 	C:\Windows\SYSTEM32\MPR.dll
0x00007ff912830000 - 0x00007ff912971000 	C:\Windows\system32\RPCRT4.dll
0x00007ff914850000 - 0x00007ff9148a9000 	C:\Windows\SYSTEM32\sechost.dll
0x00007ff9125a0000 - 0x00007ff9127b1000 	C:\Windows\SYSTEM32\combase.dll
0x00007ff912240000 - 0x00007ff912390000 	C:\Windows\system32\GDI32.dll
0x00007ff911d10000 - 0x00007ff911d25000 	C:\Windows\SYSTEM32\profapi.dll
0x00007ff90fe60000 - 0x00007ff90ff12000 	C:\Windows\SYSTEM32\SHCORE.dll
0x00007ff9148b0000 - 0x00007ff9148e6000 	C:\Windows\system32\IMM32.DLL
0x00007ff9145b0000 - 0x00007ff914702000 	C:\Windows\system32\MSCTF.dll
0x00007ff90f910000 - 0x00007ff90fb8b000 	C:\Windows\WinSxS\amd64_microsoft.windows.common-controls_6595b64144ccf1df_6.0.9600.18006_none_623f33d3ecbe86e8\COMCTL32.dll
0x000000005ffd0000 - 0x00000000600a2000 	C:\Program Files\Java\jdk1.8.0_25\jre\bin\msvcr100.dll
0x0000000060a60000 - 0x00000000612ba000 	C:\Program Files\Java\jdk1.8.0_25\jre\bin\server\jvm.dll
0x00007ff905d30000 - 0x00007ff905d39000 	C:\Windows\SYSTEM32\WSOCK32.dll
0x00007ff909b20000 - 0x00007ff909b42000 	C:\Windows\SYSTEM32\WINMM.dll
0x00007ff9127c0000 - 0x00007ff9127c7000 	C:\Windows\system32\PSAPI.DLL
0x00007ff9127d0000 - 0x00007ff91282a000 	C:\Windows\system32\WS2_32.dll
0x00007ff909af0000 - 0x00007ff909b1a000 	C:\Windows\SYSTEM32\WINMMBASE.dll
0x00007ff912ca0000 - 0x00007ff912ca9000 	C:\Windows\system32\NSI.dll
0x00007ff911fc0000 - 0x00007ff91200f000 	C:\Windows\SYSTEM32\cfgmgr32.dll
0x00007ff910b00000 - 0x00007ff910b28000 	C:\Windows\SYSTEM32\DEVOBJ.dll
0x0000000060a50000 - 0x0000000060a5f000 	C:\Program Files\Java\jdk1.8.0_25\jre\bin\verify.dll
0x0000000060a20000 - 0x0000000060a48000 	C:\Program Files\Java\jdk1.8.0_25\jre\bin\java.dll
0x0000000060a00000 - 0x0000000060a16000 	C:\Program Files\Java\jdk1.8.0_25\jre\bin\zip.dll

VM Arguments:
jvm_args: -Djava.awt.headless=true -Xmx1024M -Dfile.encoding=windows-1252 -Duser.country=US -Duser.language=en -Duser.variant 
java_command: com.android.dx.command.Main --dex --force-jumbo --num-threads=4 --multi-dex --output D:\work\RefugeeCare\app\build\intermediates\transforms\dex\debug\folders\1000\10\com.android.support-appcompat-v7-24.2.1_1212eef7a92c2f35c5eb2008d61f20582484e2b4 D:\work\RefugeeCare\app\build\intermediates\exploded-aar\com.android.support\appcompat-v7\24.2.1\jars\classes.jar
java_class_path (initial): D:\work\Programs\Programs\Android\AndroidStudio\sdk\build-tools\24.0.0\lib\dx.jar
Launcher Type: SUN_STANDARD

Environment Variables:
PATH=C:\Program Files\Java\jdk1.6.0_16\bin;C:\Program Files (x86)\nodejs\;C:\Users\Ahmed Khattab\AppData\Local\Programs\Python\Python35-32\Scripts\;C:\Users\Ahmed Khattab\AppData\Local\Programs\Python\Python35-32\;C:\Users\Ahmed Khattab\AppData\Roaming\npm;C:\Program Files\Java\jdk1.8.0_25\jre\bin;C:\Program Files (x86)\Java\jre1.8.0_45\bin;C:\Program Files\Java\jdk1.8.0_25\bin;D:\work\Collage\4th year\kbs\Jess71p2\bin
USERNAME=Ahmed Khattab 2
OS=Windows_NT
PROCESSOR_IDENTIFIER=Intel64 Family 6 Model 69 Stepping 1, GenuineIntel



---------------  S Y S T E M  ---------------

OS: Windows 8.1 , 64 bit Build 9600 

CPU:total 4 (2 cores per cpu, 2 threads per core) family 6 model 69 stepping 1, cmov, cx8, fxsr, mmx, sse, sse2, sse3, ssse3, sse4.1, sse4.2, popcnt, avx, avx2, aes, clmul, erms, lzcnt, ht, tsc, tscinvbit, bmi1, bmi2

Memory: 4k page, physical 8274284k(961948k free), swap 10411164k(5176k free)

vm_info: Java HotSpot(TM) 64-Bit Server VM (25.25-b02) for windows-amd64 JRE (1.8.0_25-b18), built on Oct  7 2014 14:25:37 by "java_re" with MS VC++ 10.0 (VS2010)

time: Fri Oct 28 06:37:01 2016
elapsed time: 3 seconds (0d 0h 0m 3s)

