#
# There is insufficient memory for the Java Runtime Environment to continue.
# Native memory allocation (malloc) failed to allocate 635616 bytes for Chunk::new
# Possible reasons:
#   The system is out of physical RAM or swap space
#   In 32 bit mode, the process size limit was hit
# Possible solutions:
#   Reduce memory load on the system
#   Increase physical memory or swap space
#   Check if swap backing store is full
#   Use 64 bit Java on a 64 bit OS
#   Decrease Java heap size (-Xmx/-Xms)
#   Decrease number of Java threads
#   Decrease Java thread stack sizes (-Xss)
#   Set larger code cache with -XX:ReservedCodeCacheSize=
# This output file may be truncated or incomplete.
#
#  Out of Memory Error (allocation.cpp:390), pid=5860, tid=6808
#
# JRE version: Java(TM) SE Runtime Environment (8.0_25-b18) (build 1.8.0_25-b18)
# Java VM: Java HotSpot(TM) 64-Bit Server VM (25.25-b02 mixed mode windows-amd64 compressed oops)
# Failed to write core dump. Minidumps are not enabled by default on client versions of Windows
#

---------------  T H R E A D  ---------------

Current thread (0x000000001496d000):  JavaThread "C2 CompilerThread1" daemon [_thread_in_native, id=6808, stack(0x0000000015f90000,0x0000000016090000)]

Stack: [0x0000000015f90000,0x0000000016090000]
Native frames: (J=compiled Java code, j=interpreted, Vv=VM code, C=native code)
V  [jvm.dll+0x31667a]
V  [jvm.dll+0x267073]
V  [jvm.dll+0x267cb3]
V  [jvm.dll+0x25f5b5]
V  [jvm.dll+0xbf165]
V  [jvm.dll+0xbf60c]
V  [jvm.dll+0x45d672]
V  [jvm.dll+0x49e8ef]
V  [jvm.dll+0x452668]
V  [jvm.dll+0x453864]
V  [jvm.dll+0x437372]
V  [jvm.dll+0x98a02]
V  [jvm.dll+0x991f3]
V  [jvm.dll+0x22bde4]
V  [jvm.dll+0x2852fa]
C  [msvcr100.dll+0x21d9f]
C  [msvcr100.dll+0x21e3b]
C  [KERNEL32.DLL+0x13d2]
C  [ntdll.dll+0x154e4]


Current CompileTask:
C2:  13836 1238       4       com.android.dx.ssa.SCCP::simulateStmt (481 bytes)


---------------  P R O C E S S  ---------------

Java Threads: ( => current thread )
  0x0000000016657000 JavaThread "pool-2-thread-4" [_thread_blocked, id=7848, stack(0x0000000017390000,0x0000000017490000)]
  0x0000000016652000 JavaThread "pool-2-thread-3" [_thread_blocked, id=8016, stack(0x0000000017290000,0x0000000017390000)]
  0x0000000016651000 JavaThread "pool-2-thread-2" [_thread_blocked, id=3448, stack(0x0000000017190000,0x0000000017290000)]
  0x00000000166b1000 JavaThread "pool-3-thread-1" [_thread_blocked, id=8304, stack(0x0000000017090000,0x0000000017190000)]
  0x00000000166b0800 JavaThread "pool-2-thread-1" [_thread_blocked, id=6496, stack(0x0000000016f90000,0x0000000017090000)]
  0x000000001497a000 JavaThread "Service Thread" daemon [_thread_blocked, id=8168, stack(0x0000000016190000,0x0000000016290000)]
  0x0000000014973800 JavaThread "C1 CompilerThread2" daemon [_thread_in_native, id=9076, stack(0x0000000016090000,0x0000000016190000)]
=>0x000000001496d000 JavaThread "C2 CompilerThread1" daemon [_thread_in_native, id=6808, stack(0x0000000015f90000,0x0000000016090000)]
  0x000000001491c000 JavaThread "C2 CompilerThread0" daemon [_thread_in_native, id=8892, stack(0x0000000015e90000,0x0000000015f90000)]
  0x000000001491a800 JavaThread "Attach Listener" daemon [_thread_blocked, id=6024, stack(0x0000000015d90000,0x0000000015e90000)]
  0x0000000014919000 JavaThread "Signal Dispatcher" daemon [_thread_blocked, id=5812, stack(0x0000000015c90000,0x0000000015d90000)]
  0x0000000002246000 JavaThread "Finalizer" daemon [_thread_blocked, id=7148, stack(0x0000000015b90000,0x0000000015c90000)]
  0x000000000223d000 JavaThread "Reference Handler" daemon [_thread_blocked, id=5116, stack(0x0000000015a90000,0x0000000015b90000)]
  0x0000000002150800 JavaThread "main" [_thread_in_vm, id=8804, stack(0x0000000002050000,0x0000000002150000)]

Other Threads:
  0x00000000148e6800 VMThread [stack: 0x0000000015990000,0x0000000015a90000] [id=8672]
  0x000000001497d000 WatcherThread [stack: 0x0000000016290000,0x0000000016390000] [id=6260]

VM state:synchronizing (normal execution)

VM Mutex/Monitor currently owned by a thread:  ([mutex/lock_event])
[0x000000000074cc90] Threads_lock - owner thread: 0x00000000148e6800
[0x000000000074d5a0] MethodData_lock - owner thread: 0x0000000002150800

Heap:
 PSYoungGen      total 38400K, used 22767K [0x00000000eab00000, 0x00000000ed580000, 0x0000000100000000)
  eden space 33280K, 53% used [0x00000000eab00000,0x00000000ebc43d08,0x00000000ecb80000)
  from space 5120K, 99% used [0x00000000ecb80000,0x00000000ed078078,0x00000000ed080000)
  to   space 5120K, 0% used [0x00000000ed080000,0x00000000ed080000,0x00000000ed580000)
 ParOldGen       total 87552K, used 657K [0x00000000c0000000, 0x00000000c5580000, 0x00000000eab00000)
  object space 87552K, 0% used [0x00000000c0000000,0x00000000c00a47e8,0x00000000c5580000)
 Metaspace       used 6057K, capacity 6960K, committed 7040K, reserved 1056768K
  class space    used 592K, capacity 616K, committed 640K, reserved 1048576K

Card table byte_map: [0x0000000011610000,0x0000000011820000] byte_map_base: 0x0000000011010000

Marking Bits: (ParMarkBitMap*) 0x000000005793d490
 Begin Bits: [0x0000000011d80000, 0x0000000012d80000)
 End Bits:   [0x0000000012d80000, 0x0000000013d80000)

Polling page: 0x0000000000720000

CodeCache: size=245760Kb used=5252Kb max_used=5252Kb free=240507Kb
 bounds [0x0000000002250000, 0x0000000002780000, 0x0000000011250000]
 total_blobs=1637 nmethods=1372 adapters=179
 compilation: enabled

Compilation events (10 events):
Event: 7.297 Thread 0x0000000014973800 1310       3       java.util.TreeMap$EntryIterator::next (5 bytes)
Event: 7.298 Thread 0x0000000014973800 nmethod 1310 0x000000000273f550 code [0x000000000273f6c0, 0x000000000273f8c8]
Event: 7.298 Thread 0x0000000014973800 1318       3       com.android.dx.rop.cst.CstType::<init> (46 bytes)
Event: 7.298 Thread 0x0000000014973800 nmethod 1318 0x000000000273f950 code [0x000000000273fae0, 0x000000000273ff58]
Event: 7.298 Thread 0x0000000014973800 1316       3       com.android.dx.cf.code.LocalVariableList::<init> (6 bytes)
Event: 7.298 Thread 0x0000000014973800 nmethod 1316 0x0000000002740110 code [0x0000000002740280, 0x0000000002740408]
Event: 7.298 Thread 0x0000000014973800 1307       3       com.android.dx.ssa.DeadCodeRemover$NoSideEffectVisitor::visitPhiInsn (22 bytes)
Event: 7.299 Thread 0x0000000014973800 nmethod 1307 0x0000000002740490 code [0x0000000002740640, 0x0000000002740d88]
Event: 7.299 Thread 0x0000000014973800 1313       3       com.android.dx.rop.code.Rops::opMoveParam (69 bytes)
Event: 7.301 Thread 0x0000000014973800 nmethod 1313 0x0000000002741050 code [0x0000000002741280, 0x0000000002741e18]

GC Heap History (2 events):
Event: 6.886 GC heap before
{Heap before GC invocations=1 (full 0):
 PSYoungGen      total 38400K, used 33280K [0x00000000eab00000, 0x00000000ed580000, 0x0000000100000000)
  eden space 33280K, 100% used [0x00000000eab00000,0x00000000ecb80000,0x00000000ecb80000)
  from space 5120K, 0% used [0x00000000ed080000,0x00000000ed080000,0x00000000ed580000)
  to   space 5120K, 0% used [0x00000000ecb80000,0x00000000ecb80000,0x00000000ed080000)
 ParOldGen       total 87552K, used 0K [0x00000000c0000000, 0x00000000c5580000, 0x00000000eab00000)
  object space 87552K, 0% used [0x00000000c0000000,0x00000000c0000000,0x00000000c5580000)
 Metaspace       used 5957K, capacity 6896K, committed 7040K, reserved 1056768K
  class space    used 592K, capacity 616K, committed 640K, reserved 1048576K
Event: 7.092 GC heap after
Heap after GC invocations=1 (full 0):
 PSYoungGen      total 38400K, used 5088K [0x00000000eab00000, 0x00000000ed580000, 0x0000000100000000)
  eden space 33280K, 0% used [0x00000000eab00000,0x00000000eab00000,0x00000000ecb80000)
  from space 5120K, 99% used [0x00000000ecb80000,0x00000000ed078078,0x00000000ed080000)
  to   space 5120K, 0% used [0x00000000ed080000,0x00000000ed080000,0x00000000ed580000)
 ParOldGen       total 87552K, used 657K [0x00000000c0000000, 0x00000000c5580000, 0x00000000eab00000)
  object space 87552K, 0% used [0x00000000c0000000,0x00000000c00a47e8,0x00000000c5580000)
 Metaspace       used 5957K, capacity 6896K, committed 7040K, reserved 1056768K
  class space    used 592K, capacity 616K, committed 640K, reserved 1048576K
}

Deoptimization events (5 events):
Event: 4.418 Thread 0x0000000002150800 Uncommon trap: reason=class_check action=maybe_recompile pc=0x000000000250eb30 method=com.android.dx.ssa.NormalSsaInsn.accept(Lcom/android/dx/ssa/SsaInsn$Visitor;)V @ 9
Event: 5.140 Thread 0x00000000166b0800 Uncommon trap: reason=class_check action=maybe_recompile pc=0x000000000255154c method=com.android.dx.rop.type.Type.equals(Ljava/lang/Object;)Z @ 8
Event: 5.141 Thread 0x00000000166b0800 Uncommon trap: reason=class_check action=maybe_recompile pc=0x000000000255154c method=com.android.dx.rop.type.Type.equals(Ljava/lang/Object;)Z @ 8
Event: 5.141 Thread 0x00000000166b0800 Uncommon trap: reason=class_check action=maybe_recompile pc=0x000000000255154c method=com.android.dx.rop.type.Type.equals(Ljava/lang/Object;)Z @ 8
Event: 5.141 Thread 0x00000000166b0800 Uncommon trap: reason=class_check action=maybe_recompile pc=0x000000000255154c method=com.android.dx.rop.type.Type.equals(Ljava/lang/Object;)Z @ 8

Internal exceptions (10 events):
Event: 4.132 Thread 0x0000000016651000 Exception <a 'java/security/PrivilegedActionException'> (0x00000000ebd82260) thrown at [D:\re\workspace\8-2-build-windows-amd64-cygwin\jdk8u25\1677\hotspot\src\share\vm\prims\jvm.cpp, line 1312]
Event: 4.136 Thread 0x0000000016652000 Exception <a 'java/security/PrivilegedActionException'> (0x00000000ebcd3860) thrown at [D:\re\workspace\8-2-build-windows-amd64-cygwin\jdk8u25\1677\hotspot\src\share\vm\prims\jvm.cpp, line 1312]
Event: 4.188 Thread 0x00000000166b0800 Exception <a 'java/security/PrivilegedActionException'> (0x00000000ebc9d7b8) thrown at [D:\re\workspace\8-2-build-windows-amd64-cygwin\jdk8u25\1677\hotspot\src\share\vm\prims\jvm.cpp, line 1312]
Event: 4.207 Thread 0x0000000016657000 Exception <a 'java/security/PrivilegedActionException'> (0x00000000eb9e8ca0) thrown at [D:\re\workspace\8-2-build-windows-amd64-cygwin\jdk8u25\1677\hotspot\src\share\vm\prims\jvm.cpp, line 1312]
Event: 4.208 Thread 0x0000000016657000 Exception <a 'java/security/PrivilegedActionException'> (0x00000000eb9ee770) thrown at [D:\re\workspace\8-2-build-windows-amd64-cygwin\jdk8u25\1677\hotspot\src\share\vm\prims\jvm.cpp, line 1312]
Event: 4.209 Thread 0x0000000016657000 Exception <a 'java/security/PrivilegedActionException'> (0x00000000eb9f3f10) thrown at [D:\re\workspace\8-2-build-windows-amd64-cygwin\jdk8u25\1677\hotspot\src\share\vm\prims\jvm.cpp, line 1312]
Event: 4.390 Thread 0x0000000002150800 Exception <a 'java/security/PrivilegedActionException'> (0x00000000ebf4d800) thrown at [D:\re\workspace\8-2-build-windows-amd64-cygwin\jdk8u25\1677\hotspot\src\share\vm\prims\jvm.cpp, line 1312]
Event: 5.138 Thread 0x00000000166b0800 Exception <a 'java/security/PrivilegedActionException'> (0x00000000ec354678) thrown at [D:\re\workspace\8-2-build-windows-amd64-cygwin\jdk8u25\1677\hotspot\src\share\vm\prims\jvm.cpp, line 1312]
Event: 6.032 Thread 0x0000000016652000 Exception <a 'java/security/PrivilegedActionException'> (0x00000000ec2cf0f0) thrown at [D:\re\workspace\8-2-build-windows-amd64-cygwin\jdk8u25\1677\hotspot\src\share\vm\prims\jvm.cpp, line 1312]
Event: 6.038 Thread 0x0000000016657000 Exception <a 'java/security/PrivilegedActionException'> (0x00000000ec15a758) thrown at [D:\re\workspace\8-2-build-windows-amd64-cygwin\jdk8u25\1677\hotspot\src\share\vm\prims\jvm.cpp, line 1312]

Events (10 events):
Event: 6.037 loading class com/android/dx/dex/file/FieldAnnotationStruct
Event: 6.037 loading class com/android/dx/dex/file/FieldAnnotationStruct done
Event: 6.050 loading class java/util/TreeMap$EntrySet
Event: 6.051 loading class java/util/TreeMap$EntrySet done
Event: 6.051 loading class java/util/TreeMap$EntryIterator
Event: 6.051 loading class java/util/TreeMap$EntryIterator done
Event: 6.877 Executing VM operation: ParallelGCFailedAllocation
Event: 7.092 Executing VM operation: ParallelGCFailedAllocation done
Event: 7.118 loading class sun/misc/Cleaner
Event: 7.118 loading class sun/misc/Cleaner done


Dynamic libraries:
0x00007ff7150d0000 - 0x00007ff715104000 	C:\Program Files\Java\jdk1.8.0_25\bin\java.exe
0x00007ffd3d050000 - 0x00007ffd3d1fd000 	C:\Windows\SYSTEM32\ntdll.dll
0x00007ffd3aae0000 - 0x00007ffd3ac1e000 	C:\Windows\system32\KERNEL32.DLL
0x00007ffd3a500000 - 0x00007ffd3a615000 	C:\Windows\system32\KERNELBASE.dll
0x00007ffd38d40000 - 0x00007ffd38dce000 	C:\Windows\system32\apphelp.dll
0x00007ffd2f1d0000 - 0x00007ffd2f223000 	C:\Windows\AppPatch\AppPatch64\AcGenral.DLL
0x00007ffd3cad0000 - 0x00007ffd3cb7a000 	C:\Windows\system32\msvcrt.dll
0x00007ffd3a030000 - 0x00007ffd3a05e000 	C:\Windows\SYSTEM32\SspiCli.dll
0x00007ffd3c730000 - 0x00007ffd3c784000 	C:\Windows\system32\SHLWAPI.dll
0x00007ffd3ced0000 - 0x00007ffd3d047000 	C:\Windows\system32\USER32.dll
0x00007ffd3cb80000 - 0x00007ffd3cd14000 	C:\Windows\system32\ole32.dll
0x00007ffd3b200000 - 0x00007ffd3c72a000 	C:\Windows\system32\SHELL32.dll
0x00007ffd397c0000 - 0x00007ffd397e1000 	C:\Windows\SYSTEM32\USERENV.dll
0x00007ffd3ade0000 - 0x00007ffd3ae8a000 	C:\Windows\system32\ADVAPI32.dll
0x00007ffd32520000 - 0x00007ffd3253e000 	C:\Windows\SYSTEM32\MPR.dll
0x00007ffd3a990000 - 0x00007ffd3aad1000 	C:\Windows\system32\RPCRT4.dll
0x00007ffd3ad80000 - 0x00007ffd3add9000 	C:\Windows\SYSTEM32\sechost.dll
0x00007ffd3c8b0000 - 0x00007ffd3cac1000 	C:\Windows\SYSTEM32\combase.dll
0x00007ffd3ac20000 - 0x00007ffd3ad70000 	C:\Windows\system32\GDI32.dll
0x00007ffd3a1a0000 - 0x00007ffd3a1b5000 	C:\Windows\SYSTEM32\profapi.dll
0x00007ffd386f0000 - 0x00007ffd387a2000 	C:\Windows\SYSTEM32\SHCORE.dll
0x00007ffd3a750000 - 0x00007ffd3a786000 	C:\Windows\system32\IMM32.DLL
0x00007ffd3b0a0000 - 0x00007ffd3b1f2000 	C:\Windows\system32\MSCTF.dll
0x00007ffd35d10000 - 0x00007ffd35f8b000 	C:\Windows\WinSxS\amd64_microsoft.windows.common-controls_6595b64144ccf1df_6.0.9600.18006_none_623f33d3ecbe86e8\COMCTL32.dll
0x0000000056ce0000 - 0x0000000056db2000 	C:\Program Files\Java\jdk1.8.0_25\jre\bin\msvcr100.dll
0x0000000057160000 - 0x00000000579ba000 	C:\Program Files\Java\jdk1.8.0_25\jre\bin\server\jvm.dll
0x00007ffd32cb0000 - 0x00007ffd32cb9000 	C:\Windows\SYSTEM32\WSOCK32.dll
0x00007ffd30b10000 - 0x00007ffd30b32000 	C:\Windows\SYSTEM32\WINMM.dll
0x00007ffd3a730000 - 0x00007ffd3a737000 	C:\Windows\system32\PSAPI.DLL
0x00007ffd3a6d0000 - 0x00007ffd3a72a000 	C:\Windows\system32\WS2_32.dll
0x00007ffd30700000 - 0x00007ffd3072a000 	C:\Windows\SYSTEM32\WINMMBASE.dll
0x00007ffd3ad70000 - 0x00007ffd3ad79000 	C:\Windows\system32\NSI.dll
0x00007ffd3a270000 - 0x00007ffd3a2bf000 	C:\Windows\SYSTEM32\cfgmgr32.dll
0x00007ffd38f90000 - 0x00007ffd38fb8000 	C:\Windows\SYSTEM32\DEVOBJ.dll
0x0000000057150000 - 0x000000005715f000 	C:\Program Files\Java\jdk1.8.0_25\jre\bin\verify.dll
0x0000000057120000 - 0x0000000057148000 	C:\Program Files\Java\jdk1.8.0_25\jre\bin\java.dll
0x0000000057100000 - 0x0000000057116000 	C:\Program Files\Java\jdk1.8.0_25\jre\bin\zip.dll
0x00007ffd286b0000 - 0x00007ffd28839000 	C:\Windows\SYSTEM32\dbghelp.dll

VM Arguments:
jvm_args: -Djava.awt.headless=true -Xmx1024M -Dfile.encoding=windows-1252 -Duser.country=US -Duser.language=en -Duser.variant 
java_command: com.android.dx.command.Main --dex --force-jumbo --num-threads=4 --multi-dex --output D:\work\RefugeeCare\app\build\intermediates\transforms\dex\debug\folders\1000\10\com.android.support-support-compat-24.2.1_3a2abe17dc5f6c44e95447e51e6f29ae8341229b D:\work\RefugeeCare\app\build\intermediates\exploded-aar\com.android.support\support-compat\24.2.1\jars\classes.jar
java_class_path (initial): D:\work\Programs\Programs\Android\AndroidStudio\sdk\build-tools\24.0.0\lib\dx.jar
Launcher Type: SUN_STANDARD

Environment Variables:
PATH=C:\Program Files\Java\jdk1.6.0_16\bin;C:\Program Files (x86)\nodejs\;C:\Users\Ahmed Khattab\AppData\Local\Programs\Python\Python35-32\Scripts\;C:\Users\Ahmed Khattab\AppData\Local\Programs\Python\Python35-32\;C:\Users\Ahmed Khattab\AppData\Roaming\npm;C:\Program Files\Java\jdk1.8.0_25\jre\bin;C:\Program Files (x86)\Java\jre1.8.0_45\bin;C:\Program Files\Java\jdk1.8.0_25\bin;D:\work\Collage\4th year\kbs\Jess71p2\bin
USERNAME=Ahmed Khattab 2
OS=Windows_NT
PROCESSOR_IDENTIFIER=Intel64 Family 6 Model 69 Stepping 1, GenuineIntel



---------------  S Y S T E M  ---------------

OS: Windows 8.1 , 64 bit Build 9600 

CPU:total 4 (2 cores per cpu, 2 threads per core) family 6 model 69 stepping 1, cmov, cx8, fxsr, mmx, sse, sse2, sse3, ssse3, sse4.1, sse4.2, popcnt, avx, avx2, aes, clmul, erms, lzcnt, ht, tsc, tscinvbit, bmi1, bmi2

Memory: 4k page, physical 8274284k(1059648k free), swap 11028860k(186720k free)

vm_info: Java HotSpot(TM) 64-Bit Server VM (25.25-b02) for windows-amd64 JRE (1.8.0_25-b18), built on Oct  7 2014 14:25:37 by "java_re" with MS VC++ 10.0 (VS2010)

time: Wed Oct 26 10:42:13 2016
elapsed time: 13 seconds (0d 0h 0m 13s)

