#
# There is insufficient memory for the Java Runtime Environment to continue.
# Native memory allocation (malloc) failed to allocate 133088 bytes for Chunk::new
# Possible reasons:
#   The system is out of physical RAM or swap space
#   In 32 bit mode, the process size limit was hit
# Possible solutions:
#   Reduce memory load on the system
#   Increase physical memory or swap space
#   Check if swap backing store is full
#   Use 64 bit Java on a 64 bit OS
#   Decrease Java heap size (-Xmx/-Xms)
#   Decrease number of Java threads
#   Decrease Java thread stack sizes (-Xss)
#   Set larger code cache with -XX:ReservedCodeCacheSize=
# This output file may be truncated or incomplete.
#
#  Out of Memory Error (allocation.cpp:390), pid=7628, tid=7780
#
# JRE version: Java(TM) SE Runtime Environment (8.0_25-b18) (build 1.8.0_25-b18)
# Java VM: Java HotSpot(TM) 64-Bit Server VM (25.25-b02 mixed mode windows-amd64 compressed oops)
# Failed to write core dump. Minidumps are not enabled by default on client versions of Windows
#

---------------  T H R E A D  ---------------

Current thread (0x0000000014df1000):  JavaThread "C2 CompilerThread1" daemon [_thread_in_native, id=7780, stack(0x0000000016460000,0x0000000016560000)]

Stack: [0x0000000016460000,0x0000000016560000]
Native frames: (J=compiled Java code, j=interpreted, Vv=VM code, C=native code)
V  [jvm.dll+0x31667a]
V  [jvm.dll+0x267073]
V  [jvm.dll+0x267cb3]
V  [jvm.dll+0x25f5b5]
V  [jvm.dll+0xbf165]
V  [jvm.dll+0xbf60c]
V  [jvm.dll+0xbf8b4]
V  [jvm.dll+0xdd1b5]
V  [jvm.dll+0x495d34]
V  [jvm.dll+0x4a1b75]
V  [jvm.dll+0x4ae9ff]
V  [jvm.dll+0x4b0c78]
V  [jvm.dll+0x4b0d7b]
V  [jvm.dll+0x49eeb3]
V  [jvm.dll+0x4527d4]
V  [jvm.dll+0x453864]
V  [jvm.dll+0x437372]
V  [jvm.dll+0x98a02]
V  [jvm.dll+0x991f3]
V  [jvm.dll+0x22bde4]
V  [jvm.dll+0x2852fa]
C  [msvcr100.dll+0x21d9f]
C  [msvcr100.dll+0x21e3b]
C  [KERNEL32.DLL+0x13d2]
C  [ntdll.dll+0x154e4]


Current CompileTask:
C2:   3470 1838       4       com.android.dx.cf.code.ValueAwareMachine::run (1142 bytes)


---------------  P R O C E S S  ---------------

Java Threads: ( => current thread )
  0x0000000016a9d800 JavaThread "pool-1-thread-1" [_thread_in_Java, id=8068, stack(0x0000000016d60000,0x0000000016e60000)]
  0x0000000014e4a000 JavaThread "Service Thread" daemon [_thread_blocked, id=2200, stack(0x0000000016660000,0x0000000016760000)]
  0x0000000014e43000 JavaThread "C1 CompilerThread2" daemon [_thread_in_native, id=7652, stack(0x0000000016560000,0x0000000016660000)]
=>0x0000000014df1000 JavaThread "C2 CompilerThread1" daemon [_thread_in_native, id=7780, stack(0x0000000016460000,0x0000000016560000)]
  0x0000000014deb800 JavaThread "C2 CompilerThread0" daemon [_thread_in_native, id=5604, stack(0x0000000016360000,0x0000000016460000)]
  0x0000000014dea800 JavaThread "Attach Listener" daemon [_thread_blocked, id=7712, stack(0x0000000016260000,0x0000000016360000)]
  0x0000000014de8800 JavaThread "Signal Dispatcher" daemon [_thread_blocked, id=7616, stack(0x0000000016160000,0x0000000016260000)]
  0x0000000002675000 JavaThread "Finalizer" daemon [_thread_blocked, id=1120, stack(0x0000000016060000,0x0000000016160000)]
  0x0000000014db7800 JavaThread "Reference Handler" daemon [_thread_blocked, id=4276, stack(0x0000000015f60000,0x0000000016060000)]
  0x0000000002580800 JavaThread "main" [_thread_blocked, id=5500, stack(0x0000000002420000,0x0000000002520000)]

Other Threads:
  0x0000000014db7000 VMThread [stack: 0x0000000015e60000,0x0000000015f60000] [id=6736]
  0x0000000014e4d000 WatcherThread [stack: 0x0000000016760000,0x0000000016860000] [id=5392]

VM state:not at safepoint (normal execution)

VM Mutex/Monitor currently owned by a thread:  ([mutex/lock_event])
[0x000000000271e230] Compile_lock - owner thread: 0x0000000014e43000
[0x000000000271d930] MethodCompileQueue_lock - owner thread: 0x0000000000000000

Heap:
 PSYoungGen      total 71680K, used 22707K [0x00000000eab00000, 0x00000000ef600000, 0x0000000100000000)
  eden space 66560K, 26% used [0x00000000eab00000,0x00000000ebc2f628,0x00000000eec00000)
  from space 5120K, 99% used [0x00000000ef100000,0x00000000ef5fd8d8,0x00000000ef600000)
  to   space 5120K, 0% used [0x00000000eec00000,0x00000000eec00000,0x00000000ef100000)
 ParOldGen       total 87552K, used 22967K [0x00000000c0000000, 0x00000000c5580000, 0x00000000eab00000)
  object space 87552K, 26% used [0x00000000c0000000,0x00000000c166dd90,0x00000000c5580000)
 Metaspace       used 6468K, capacity 7256K, committed 7424K, reserved 1056768K
  class space    used 623K, capacity 656K, committed 768K, reserved 1048576K

Card table byte_map: [0x0000000011ae0000,0x0000000011cf0000] byte_map_base: 0x00000000114e0000

Marking Bits: (ParMarkBitMap*) 0x000000006123d490
 Begin Bits: [0x0000000012250000, 0x0000000013250000)
 End Bits:   [0x0000000013250000, 0x0000000014250000)

Polling page: 0x0000000002520000

CodeCache: size=245760Kb used=6803Kb max_used=6803Kb free=238956Kb
 bounds [0x0000000002720000, 0x0000000002dd0000, 0x0000000011720000]
 total_blobs=2146 nmethods=1882 adapters=177
 compilation: enabled

Compilation events (10 events):
Event: 3.037 Thread 0x0000000014deb800 nmethod 1833 0x0000000002d807d0 code [0x0000000002d80940, 0x0000000002d80c08]
Event: 3.038 Thread 0x0000000014deb800 1834 %     4       com.android.dx.ssa.back.IdenticalBlockCombiner::process @ 25 (323 bytes)
Event: 3.044 Thread 0x0000000014df1000 nmethod 1831 0x0000000002d86190 code [0x0000000002d863a0, 0x0000000002d86f50]
Event: 3.063 Thread 0x0000000014df1000 1835       4       com.android.dx.cf.code.ByteBlock::<init> (181 bytes)
Event: 3.067 Thread 0x0000000014df1000 nmethod 1835 0x0000000002d77150 code [0x0000000002d772a0, 0x0000000002d774b8]
Event: 3.067 Thread 0x0000000014df1000 1836       4       com.android.dx.rop.code.RegisterSpec::getBasicFrameType (10 bytes)
Event: 3.068 Thread 0x0000000014df1000 nmethod 1836 0x0000000002d19c10 code [0x0000000002d19d40, 0x0000000002d19db8]
Event: 3.068 Thread 0x0000000014df1000 1837       4       com.android.dx.cf.code.Merger::isPossiblyAssignableFrom (202 bytes)
Event: 3.078 Thread 0x0000000014df1000 nmethod 1837 0x0000000002d74d50 code [0x0000000002d74f20, 0x0000000002d75570]
Event: 3.079 Thread 0x0000000014df1000 1838       4       com.android.dx.cf.code.ValueAwareMachine::run (1142 bytes)

GC Heap History (6 events):
Event: 1.017 GC heap before
{Heap before GC invocations=1 (full 0):
 PSYoungGen      total 38400K, used 33280K [0x00000000eab00000, 0x00000000ed580000, 0x0000000100000000)
  eden space 33280K, 100% used [0x00000000eab00000,0x00000000ecb80000,0x00000000ecb80000)
  from space 5120K, 0% used [0x00000000ed080000,0x00000000ed080000,0x00000000ed580000)
  to   space 5120K, 0% used [0x00000000ecb80000,0x00000000ecb80000,0x00000000ed080000)
 ParOldGen       total 87552K, used 0K [0x00000000c0000000, 0x00000000c5580000, 0x00000000eab00000)
  object space 87552K, 0% used [0x00000000c0000000,0x00000000c0000000,0x00000000c5580000)
 Metaspace       used 5855K, capacity 6832K, committed 7040K, reserved 1056768K
  class space    used 583K, capacity 616K, committed 640K, reserved 1048576K
Event: 1.064 GC heap after
Heap after GC invocations=1 (full 0):
 PSYoungGen      total 38400K, used 5111K [0x00000000eab00000, 0x00000000ef600000, 0x0000000100000000)
  eden space 33280K, 0% used [0x00000000eab00000,0x00000000eab00000,0x00000000ecb80000)
  from space 5120K, 99% used [0x00000000ecb80000,0x00000000ed07dc78,0x00000000ed080000)
  to   space 5120K, 0% used [0x00000000ef100000,0x00000000ef100000,0x00000000ef600000)
 ParOldGen       total 87552K, used 1148K [0x00000000c0000000, 0x00000000c5580000, 0x00000000eab00000)
  object space 87552K, 1% used [0x00000000c0000000,0x00000000c011f298,0x00000000c5580000)
 Metaspace       used 5855K, capacity 6832K, committed 7040K, reserved 1056768K
  class space    used 583K, capacity 616K, committed 640K, reserved 1048576K
}
Event: 1.419 GC heap before
{Heap before GC invocations=2 (full 0):
 PSYoungGen      total 38400K, used 38391K [0x00000000eab00000, 0x00000000ef600000, 0x0000000100000000)
  eden space 33280K, 100% used [0x00000000eab00000,0x00000000ecb80000,0x00000000ecb80000)
  from space 5120K, 99% used [0x00000000ecb80000,0x00000000ed07dc78,0x00000000ed080000)
  to   space 5120K, 0% used [0x00000000ef100000,0x00000000ef100000,0x00000000ef600000)
 ParOldGen       total 87552K, used 1148K [0x00000000c0000000, 0x00000000c5580000, 0x00000000eab00000)
  object space 87552K, 1% used [0x00000000c0000000,0x00000000c011f298,0x00000000c5580000)
 Metaspace       used 6048K, capacity 7024K, committed 7296K, reserved 1056768K
  class space    used 588K, capacity 616K, committed 640K, reserved 1048576K
Event: 1.450 GC heap after
Heap after GC invocations=2 (full 0):
 PSYoungGen      total 71680K, used 5095K [0x00000000eab00000, 0x00000000ef600000, 0x0000000100000000)
  eden space 66560K, 0% used [0x00000000eab00000,0x00000000eab00000,0x00000000eec00000)
  from space 5120K, 99% used [0x00000000ef100000,0x00000000ef5f9c98,0x00000000ef600000)
  to   space 5120K, 0% used [0x00000000eec00000,0x00000000eec00000,0x00000000ef100000)
 ParOldGen       total 87552K, used 5446K [0x00000000c0000000, 0x00000000c5580000, 0x00000000eab00000)
  object space 87552K, 6% used [0x00000000c0000000,0x00000000c0551ae0,0x00000000c5580000)
 Metaspace       used 6048K, capacity 7024K, committed 7296K, reserved 1056768K
  class space    used 588K, capacity 616K, committed 640K, reserved 1048576K
}
Event: 2.393 GC heap before
{Heap before GC invocations=3 (full 0):
 PSYoungGen      total 71680K, used 71655K [0x00000000eab00000, 0x00000000ef600000, 0x0000000100000000)
  eden space 66560K, 100% used [0x00000000eab00000,0x00000000eec00000,0x00000000eec00000)
  from space 5120K, 99% used [0x00000000ef100000,0x00000000ef5f9c98,0x00000000ef600000)
  to   space 5120K, 0% used [0x00000000eec00000,0x00000000eec00000,0x00000000ef100000)
 ParOldGen       total 87552K, used 5446K [0x00000000c0000000, 0x00000000c5580000, 0x00000000eab00000)
  object space 87552K, 6% used [0x00000000c0000000,0x00000000c0551ae0,0x00000000c5580000)
 Metaspace       used 6154K, capacity 7088K, committed 7296K, reserved 1056768K
  class space    used 588K, capacity 616K, committed 640K, reserved 1048576K
Event: 2.595 GC heap after
Heap after GC invocations=3 (full 0):
 PSYoungGen      total 71680K, used 5116K [0x00000000eab00000, 0x00000000ef600000, 0x0000000100000000)
  eden space 66560K, 0% used [0x00000000eab00000,0x00000000eab00000,0x00000000eec00000)
  from space 5120K, 99% used [0x00000000eec00000,0x00000000ef0ff090,0x00000000ef100000)
  to   space 5120K, 0% used [0x00000000ef100000,0x00000000ef100000,0x00000000ef600000)
 ParOldGen       total 87552K, used 14542K [0x00000000c0000000, 0x00000000c5580000, 0x00000000eab00000)
  object space 87552K, 16% used [0x00000000c0000000,0x00000000c0e33888,0x00000000c5580000)
 Metaspace       used 6154K, capacity 7088K, committed 7296K, reserved 1056768K
  class space    used 588K, capacity 616K, committed 640K, reserved 1048576K
}

Deoptimization events (10 events):
Event: 1.634 Thread 0x0000000002580800 Uncommon trap: reason=class_check action=maybe_recompile pc=0x0000000002aed0fc method=java.util.HashMap.putVal(ILjava/lang/Object;Ljava/lang/Object;ZZ)Ljava/lang/Object; @ 203
Event: 1.634 Thread 0x0000000002580800 Uncommon trap: reason=bimorphic action=maybe_recompile pc=0x000000000292f9ac method=java.util.HashMap.getNode(ILjava/lang/Object;)Ljava/util/HashMap$Node; @ 126
Event: 1.634 Thread 0x0000000002580800 Uncommon trap: reason=class_check action=maybe_recompile pc=0x0000000002aed0fc method=java.util.HashMap.putVal(ILjava/lang/Object;Ljava/lang/Object;ZZ)Ljava/lang/Object; @ 203
Event: 1.643 Thread 0x0000000016ad0800 Uncommon trap: reason=class_check action=maybe_recompile pc=0x0000000002aed0fc method=java.util.HashMap.putVal(ILjava/lang/Object;Ljava/lang/Object;ZZ)Ljava/lang/Object; @ 203
Event: 1.644 Thread 0x0000000016ad0800 Uncommon trap: reason=bimorphic action=maybe_recompile pc=0x000000000297b27c method=java.util.HashMap.getNode(ILjava/lang/Object;)Ljava/util/HashMap$Node; @ 126
Event: 1.644 Thread 0x0000000016ad0800 Uncommon trap: reason=bimorphic action=maybe_recompile pc=0x000000000292f9ac method=java.util.HashMap.getNode(ILjava/lang/Object;)Ljava/util/HashMap$Node; @ 126
Event: 2.722 Thread 0x0000000016aa4000 Uncommon trap: reason=unreached action=reinterpret pc=0x0000000002cb3b4c method=com.android.dx.ssa.MoveParamCombiner$1.visitNonMoveInsn(Lcom/android/dx/ssa/NormalSsaInsn;)V @ 27
Event: 2.835 Thread 0x0000000016ad1800 Uncommon trap: reason=unreached action=reinterpret pc=0x00000000029e6d88 method=java.util.HashMap.getNode(ILjava/lang/Object;)Ljava/util/HashMap$Node; @ 84
Event: 2.835 Thread 0x0000000016ad1800 Uncommon trap: reason=unreached action=reinterpret pc=0x0000000002d00398 method=java.util.HashMap.getNode(ILjava/lang/Object;)Ljava/util/HashMap$Node; @ 84
Event: 2.852 Thread 0x0000000016ad1800 Uncommon trap: reason=unreached action=reinterpret pc=0x0000000002d01e2c method=java.util.HashMap.getNode(ILjava/lang/Object;)Ljava/util/HashMap$Node; @ 84

Internal exceptions (10 events):
Event: 1.102 Thread 0x0000000016ad1800 Exception <a 'java/security/PrivilegedActionException'> (0x00000000eadd6328) thrown at [D:\re\workspace\8-2-build-windows-amd64-cygwin\jdk8u25\1677\hotspot\src\share\vm\prims\jvm.cpp, line 1312]
Event: 1.176 Thread 0x0000000016ad0800 Exception <a 'java/security/PrivilegedActionException'> (0x00000000eac5d610) thrown at [D:\re\workspace\8-2-build-windows-amd64-cygwin\jdk8u25\1677\hotspot\src\share\vm\prims\jvm.cpp, line 1312]
Event: 1.216 Thread 0x0000000016ad0800 Exception <a 'java/security/PrivilegedActionException'> (0x00000000eac630e0) thrown at [D:\re\workspace\8-2-build-windows-amd64-cygwin\jdk8u25\1677\hotspot\src\share\vm\prims\jvm.cpp, line 1312]
Event: 1.217 Thread 0x0000000016ad0800 Exception <a 'java/security/PrivilegedActionException'> (0x00000000eb901eb0) thrown at [D:\re\workspace\8-2-build-windows-amd64-cygwin\jdk8u25\1677\hotspot\src\share\vm\prims\jvm.cpp, line 1312]
Event: 1.218 Thread 0x0000000016ad0800 Implicit null exception at 0x00000000029b4922 to 0x00000000029b4a15
Event: 1.829 Thread 0x0000000016ad1800 Exception <a 'java/security/PrivilegedActionException'> (0x00000000edd63cd8) thrown at [D:\re\workspace\8-2-build-windows-amd64-cygwin\jdk8u25\1677\hotspot\src\share\vm\prims\jvm.cpp, line 1312]
Event: 2.728 Thread 0x0000000016aa4000 Exception <a 'java/lang/ArrayIndexOutOfBoundsException': 18> (0x00000000ebea92c8) thrown at [D:\re\workspace\8-2-build-windows-amd64-cygwin\jdk8u25\1677\hotspot\src\share\vm\interpreter\interpreterRuntime.cpp, line 366]
Event: 2.728 Thread 0x0000000016aa4000 Exception <a 'java/lang/ArrayIndexOutOfBoundsException': 145> (0x00000000ebeaad60) thrown at [D:\re\workspace\8-2-build-windows-amd64-cygwin\jdk8u25\1677\hotspot\src\share\vm\interpreter\interpreterRuntime.cpp, line 366]
Event: 2.784 Thread 0x0000000016aa4000 Exception <a 'java/lang/ArrayIndexOutOfBoundsException'> (0x00000000ebeabf78) thrown at [D:\re\workspace\8-2-build-windows-amd64-cygwin\jdk8u25\1677\hotspot\src\share\vm\runtime\sharedRuntime.cpp, line 604]
Event: 2.800 Thread 0x0000000002580800 Exception <a 'java/security/PrivilegedActionException'> (0x00000000ec3117f0) thrown at [D:\re\workspace\8-2-build-windows-amd64-cygwin\jdk8u25\1677\hotspot\src\share\vm\prims\jvm.cpp, line 1312]

Events (10 events):
Event: 2.835 Thread 0x0000000016ad1800 DEOPT PACKING pc=0x00000000029e6d88 sp=0x000000001715e820
Event: 2.835 Thread 0x0000000016ad1800 DEOPT UNPACKING pc=0x000000000276556a sp=0x000000001715e6e0 mode 2
Event: 2.835 Thread 0x0000000016ad1800 Uncommon trap: trap_request=0xffffffad fr.pc=0x0000000002d00398
Event: 2.835 Thread 0x0000000016ad1800 DEOPT PACKING pc=0x0000000002d00398 sp=0x000000001715e740
Event: 2.835 Thread 0x0000000016ad1800 DEOPT UNPACKING pc=0x000000000276556a sp=0x000000001715e660 mode 2
Event: 2.851 Thread 0x0000000016ad1800 Uncommon trap: trap_request=0xffffffad fr.pc=0x0000000002d01e2c
Event: 2.852 Thread 0x0000000016ad1800 DEOPT PACKING pc=0x0000000002d01e2c sp=0x000000001715e770
Event: 2.852 Thread 0x0000000016ad1800 DEOPT UNPACKING pc=0x000000000276556a sp=0x000000001715e6e8 mode 2
Event: 2.858 Thread 0x0000000016ad0000 Thread exited: 0x0000000016ad0000
Event: 2.859 Thread 0x0000000016aa4000 Thread exited: 0x0000000016aa4000


Dynamic libraries:
0x00007ff64c260000 - 0x00007ff64c294000 	C:\Program Files\Java\jdk1.8.0_25\bin\java.exe
0x00007ff914bc0000 - 0x00007ff914d6d000 	C:\Windows\SYSTEM32\ntdll.dll
0x00007ff912b60000 - 0x00007ff912c9e000 	C:\Windows\system32\KERNEL32.DLL
0x00007ff912120000 - 0x00007ff912235000 	C:\Windows\system32\KERNELBASE.dll
0x00007ff9108b0000 - 0x00007ff91093e000 	C:\Windows\system32\apphelp.dll
0x00007ff904ea0000 - 0x00007ff904ef3000 	C:\Windows\AppPatch\AppPatch64\AcGenral.DLL
0x00007ff914710000 - 0x00007ff9147ba000 	C:\Windows\system32\msvcrt.dll
0x00007ff911ba0000 - 0x00007ff911bce000 	C:\Windows\SYSTEM32\SspiCli.dll
0x00007ff912540000 - 0x00007ff912594000 	C:\Windows\system32\SHLWAPI.dll
0x00007ff912d80000 - 0x00007ff912ef7000 	C:\Windows\system32\USER32.dll
0x00007ff914a10000 - 0x00007ff914ba4000 	C:\Windows\system32\ole32.dll
0x00007ff912f00000 - 0x00007ff91442a000 	C:\Windows\system32\SHELL32.dll
0x00007ff9112f0000 - 0x00007ff911311000 	C:\Windows\SYSTEM32\USERENV.dll
0x00007ff914440000 - 0x00007ff9144ea000 	C:\Windows\system32\ADVAPI32.dll
0x00007ff909950000 - 0x00007ff90996e000 	C:\Windows\SYSTEM32\MPR.dll
0x00007ff912830000 - 0x00007ff912971000 	C:\Windows\system32\RPCRT4.dll
0x00007ff914850000 - 0x00007ff9148a9000 	C:\Windows\SYSTEM32\sechost.dll
0x00007ff9125a0000 - 0x00007ff9127b1000 	C:\Windows\SYSTEM32\combase.dll
0x00007ff912240000 - 0x00007ff912390000 	C:\Windows\system32\GDI32.dll
0x00007ff911d10000 - 0x00007ff911d25000 	C:\Windows\SYSTEM32\profapi.dll
0x00007ff90fe60000 - 0x00007ff90ff12000 	C:\Windows\SYSTEM32\SHCORE.dll
0x00007ff9148b0000 - 0x00007ff9148e6000 	C:\Windows\system32\IMM32.DLL
0x00007ff9145b0000 - 0x00007ff914702000 	C:\Windows\system32\MSCTF.dll
0x00007ff90f910000 - 0x00007ff90fb8b000 	C:\Windows\WinSxS\amd64_microsoft.windows.common-controls_6595b64144ccf1df_6.0.9600.18006_none_623f33d3ecbe86e8\COMCTL32.dll
0x000000005ffd0000 - 0x00000000600a2000 	C:\Program Files\Java\jdk1.8.0_25\jre\bin\msvcr100.dll
0x0000000060a60000 - 0x00000000612ba000 	C:\Program Files\Java\jdk1.8.0_25\jre\bin\server\jvm.dll
0x00007ff905d30000 - 0x00007ff905d39000 	C:\Windows\SYSTEM32\WSOCK32.dll
0x00007ff909b20000 - 0x00007ff909b42000 	C:\Windows\SYSTEM32\WINMM.dll
0x00007ff9127c0000 - 0x00007ff9127c7000 	C:\Windows\system32\PSAPI.DLL
0x00007ff9127d0000 - 0x00007ff91282a000 	C:\Windows\system32\WS2_32.dll
0x00007ff909af0000 - 0x00007ff909b1a000 	C:\Windows\SYSTEM32\WINMMBASE.dll
0x00007ff912ca0000 - 0x00007ff912ca9000 	C:\Windows\system32\NSI.dll
0x00007ff911fc0000 - 0x00007ff91200f000 	C:\Windows\SYSTEM32\cfgmgr32.dll
0x00007ff910b00000 - 0x00007ff910b28000 	C:\Windows\SYSTEM32\DEVOBJ.dll
0x0000000060a50000 - 0x0000000060a5f000 	C:\Program Files\Java\jdk1.8.0_25\jre\bin\verify.dll
0x0000000060a20000 - 0x0000000060a48000 	C:\Program Files\Java\jdk1.8.0_25\jre\bin\java.dll
0x0000000060a00000 - 0x0000000060a16000 	C:\Program Files\Java\jdk1.8.0_25\jre\bin\zip.dll
0x00007ff8f6400000 - 0x00007ff8f6589000 	C:\Windows\SYSTEM32\dbghelp.dll

VM Arguments:
jvm_args: -Djava.awt.headless=true -Xmx1024M -Dfile.encoding=windows-1252 -Duser.country=US -Duser.language=en -Duser.variant 
java_command: com.android.dx.command.Main --dex --force-jumbo --num-threads=4 --multi-dex --output D:\work\RefugeeCare\app\build\intermediates\transforms\dex\debug\folders\1000\10\com.google.firebase-firebase-analytics-impl-9.6.1_e4f551e35b0fddb13bbe16d7cbb24ee449f259dc D:\work\RefugeeCare\app\build\intermediates\exploded-aar\com.google.firebase\firebase-analytics-impl\9.6.1\jars\classes.jar
java_class_path (initial): D:\work\Programs\Programs\Android\AndroidStudio\sdk\build-tools\24.0.0\lib\dx.jar
Launcher Type: SUN_STANDARD

Environment Variables:
PATH=C:\Program Files\Java\jdk1.6.0_16\bin;C:\Program Files (x86)\nodejs\;C:\Users\Ahmed Khattab\AppData\Local\Programs\Python\Python35-32\Scripts\;C:\Users\Ahmed Khattab\AppData\Local\Programs\Python\Python35-32\;C:\Users\Ahmed Khattab\AppData\Roaming\npm;C:\Program Files\Java\jdk1.8.0_25\jre\bin;C:\Program Files (x86)\Java\jre1.8.0_45\bin;C:\Program Files\Java\jdk1.8.0_25\bin;D:\work\Collage\4th year\kbs\Jess71p2\bin
USERNAME=Ahmed Khattab 2
OS=Windows_NT
PROCESSOR_IDENTIFIER=Intel64 Family 6 Model 69 Stepping 1, GenuineIntel



---------------  S Y S T E M  ---------------

OS: Windows 8.1 , 64 bit Build 9600 

CPU:total 4 (2 cores per cpu, 2 threads per core) family 6 model 69 stepping 1, cmov, cx8, fxsr, mmx, sse, sse2, sse3, ssse3, sse4.1, sse4.2, popcnt, avx, avx2, aes, clmul, erms, lzcnt, ht, tsc, tscinvbit, bmi1, bmi2

Memory: 4k page, physical 8274284k(1029224k free), swap 10411164k(251996k free)

vm_info: Java HotSpot(TM) 64-Bit Server VM (25.25-b02) for windows-amd64 JRE (1.8.0_25-b18), built on Oct  7 2014 14:25:37 by "java_re" with MS VC++ 10.0 (VS2010)

time: Fri Oct 28 06:37:01 2016
elapsed time: 3 seconds (0d 0h 0m 3s)

