#
# There is insufficient memory for the Java Runtime Environment to continue.
# Native memory allocation (malloc) failed to allocate 1711936 bytes for Chunk::new
# Possible reasons:
#   The system is out of physical RAM or swap space
#   In 32 bit mode, the process size limit was hit
# Possible solutions:
#   Reduce memory load on the system
#   Increase physical memory or swap space
#   Check if swap backing store is full
#   Use 64 bit Java on a 64 bit OS
#   Decrease Java heap size (-Xmx/-Xms)
#   Decrease number of Java threads
#   Decrease Java thread stack sizes (-Xss)
#   Set larger code cache with -XX:ReservedCodeCacheSize=
# This output file may be truncated or incomplete.
#
#  Out of Memory Error (allocation.cpp:390), pid=9052, tid=6156
#
# JRE version: Java(TM) SE Runtime Environment (8.0_25-b18) (build 1.8.0_25-b18)
# Java VM: Java HotSpot(TM) 64-Bit Server VM (25.25-b02 mixed mode windows-amd64 compressed oops)
# Failed to write core dump. Minidumps are not enabled by default on client versions of Windows
#

---------------  T H R E A D  ---------------

Current thread (0x000000001494b800):  JavaThread "C2 CompilerThread0" daemon [_thread_in_native, id=6156, stack(0x0000000015eb0000,0x0000000015fb0000)]

Stack: [0x0000000015eb0000,0x0000000015fb0000]
Native frames: (J=compiled Java code, j=interpreted, Vv=VM code, C=native code)
V  [jvm.dll+0x31667a]
V  [jvm.dll+0x267073]
V  [jvm.dll+0x267cb3]
V  [jvm.dll+0x25f5b5]
V  [jvm.dll+0xbf165]
V  [jvm.dll+0xbf60c]
V  [jvm.dll+0x45d672]
V  [jvm.dll+0x49e8ef]
V  [jvm.dll+0x452b41]
V  [jvm.dll+0x453864]
V  [jvm.dll+0x437372]
V  [jvm.dll+0x98a02]
V  [jvm.dll+0x991f3]
V  [jvm.dll+0x22bde4]
V  [jvm.dll+0x2852fa]
C  [msvcr100.dll+0x21d9f]
C  [msvcr100.dll+0x21e3b]
C  [KERNEL32.DLL+0x13d2]
C  [ntdll.dll+0x154e4]


Current CompileTask:
C2:  13865 1468   !   4       com.android.dx.cf.code.BytecodeArray::parseInstruction (2764 bytes)


---------------  P R O C E S S  ---------------

Java Threads: ( => current thread )
  0x0000000002080800 JavaThread "DestroyJavaVM" [_thread_blocked, id=5184, stack(0x0000000001f20000,0x0000000002020000)]
  0x00000000149aa000 JavaThread "Service Thread" daemon [_thread_blocked, id=7540, stack(0x00000000161b0000,0x00000000162b0000)]
  0x00000000149a3000 JavaThread "C1 CompilerThread2" daemon [_thread_blocked, id=8208, stack(0x00000000160b0000,0x00000000161b0000)]
  0x0000000014997000 JavaThread "C2 CompilerThread1" daemon [_thread_in_native, id=7840, stack(0x0000000015fb0000,0x00000000160b0000)]
=>0x000000001494b800 JavaThread "C2 CompilerThread0" daemon [_thread_in_native, id=6156, stack(0x0000000015eb0000,0x0000000015fb0000)]
  0x000000001494a000 JavaThread "Attach Listener" daemon [_thread_blocked, id=2296, stack(0x0000000015db0000,0x0000000015eb0000)]
  0x0000000014948800 JavaThread "Signal Dispatcher" daemon [_thread_blocked, id=1744, stack(0x0000000015cb0000,0x0000000015db0000)]
  0x0000000002175000 JavaThread "Finalizer" daemon [_thread_blocked, id=7936, stack(0x0000000015bb0000,0x0000000015cb0000)]
  0x0000000014917800 JavaThread "Reference Handler" daemon [_thread_blocked, id=7424, stack(0x0000000015ab0000,0x0000000015bb0000)]

Other Threads:
  0x0000000014917000 VMThread [stack: 0x00000000159b0000,0x0000000015ab0000] [id=7508]
  0x00000000149ad000 WatcherThread [stack: 0x00000000162b0000,0x00000000163b0000] [id=5364]

VM state:not at safepoint (normal execution)

VM Mutex/Monitor currently owned by a thread: None

Heap:
 PSYoungGen      total 71680K, used 50183K [0x00000000eab00000, 0x00000000ef600000, 0x0000000100000000)
  eden space 66560K, 67% used [0x00000000eab00000,0x00000000ed703508,0x00000000eec00000)
  from space 5120K, 99% used [0x00000000ef100000,0x00000000ef5fea90,0x00000000ef600000)
  to   space 5120K, 0% used [0x00000000eec00000,0x00000000eec00000,0x00000000ef100000)
 ParOldGen       total 87552K, used 6229K [0x00000000c0000000, 0x00000000c5580000, 0x00000000eab00000)
  object space 87552K, 7% used [0x00000000c0000000,0x00000000c0615510,0x00000000c5580000)
 Metaspace       used 6610K, capacity 7352K, committed 7680K, reserved 1056768K
  class space    used 648K, capacity 688K, committed 768K, reserved 1048576K

Card table byte_map: [0x0000000011640000,0x0000000011850000] byte_map_base: 0x0000000011040000

Marking Bits: (ParMarkBitMap*) 0x000000005793d490
 Begin Bits: [0x0000000011db0000, 0x0000000012db0000)
 End Bits:   [0x0000000012db0000, 0x0000000013db0000)

Polling page: 0x0000000000600000

CodeCache: size=245760Kb used=6421Kb max_used=6444Kb free=239338Kb
 bounds [0x0000000002280000, 0x00000000028d0000, 0x0000000011280000]
 total_blobs=1873 nmethods=1598 adapters=187
 compilation: enabled

Compilation events (10 events):
Event: 7.363 Thread 0x00000000149a3000 1605       2       com.android.dx.dex.cf.CfTranslator::translate0 (259 bytes)
Event: 7.367 Thread 0x00000000149a3000 nmethod 1605 0x00000000028b7890 code [0x00000000028b7b80, 0x00000000028b8918]
Event: 7.368 Thread 0x00000000149a3000 1606       1       com.android.dx.rop.cst.CstKnownNull::hashCode (3 bytes)
Event: 7.368 Thread 0x00000000149a3000 nmethod 1606 0x00000000028b9c90 code [0x00000000028b9de0, 0x00000000028b9ef0]
Event: 7.369 Thread 0x00000000149a3000 1607       2       com.android.dx.ssa.back.FirstFitLocalCombiningAllocator::processPhiInsn (255 bytes)
Event: 7.372 Thread 0x00000000149a3000 nmethod 1607 0x00000000028b9f50 code [0x00000000028ba200, 0x00000000028bad98]
Event: 7.373 Thread 0x00000000149a3000 1608       1       java.util.concurrent.locks.AbstractOwnableSynchronizer::setExclusiveOwnerThread (6 bytes)
Event: 7.373 Thread 0x00000000149a3000 nmethod 1608 0x00000000028bbe50 code [0x00000000028bbfa0, 0x00000000028bc0d0]
Event: 7.382 Thread 0x00000000149a3000 1609       2       com.android.dx.ssa.LiteralOpUpgrader$1::visitPhiInsn (1 bytes)
Event: 7.382 Thread 0x00000000149a3000 nmethod 1609 0x00000000028bc110 code [0x00000000028bc260, 0x00000000028bc3b0]

GC Heap History (4 events):
Event: 4.947 GC heap before
{Heap before GC invocations=1 (full 0):
 PSYoungGen      total 38400K, used 33280K [0x00000000eab00000, 0x00000000ed580000, 0x0000000100000000)
  eden space 33280K, 100% used [0x00000000eab00000,0x00000000ecb80000,0x00000000ecb80000)
  from space 5120K, 0% used [0x00000000ed080000,0x00000000ed080000,0x00000000ed580000)
  to   space 5120K, 0% used [0x00000000ecb80000,0x00000000ecb80000,0x00000000ed080000)
 ParOldGen       total 87552K, used 0K [0x00000000c0000000, 0x00000000c5580000, 0x00000000eab00000)
  object space 87552K, 0% used [0x00000000c0000000,0x00000000c0000000,0x00000000c5580000)
 Metaspace       used 6003K, capacity 6960K, committed 7040K, reserved 1056768K
  class space    used 590K, capacity 616K, committed 640K, reserved 1048576K
Event: 5.565 GC heap after
Heap after GC invocations=1 (full 0):
 PSYoungGen      total 38400K, used 5092K [0x00000000eab00000, 0x00000000ef600000, 0x0000000100000000)
  eden space 33280K, 0% used [0x00000000eab00000,0x00000000eab00000,0x00000000ecb80000)
  from space 5120K, 99% used [0x00000000ecb80000,0x00000000ed079268,0x00000000ed080000)
  to   space 5120K, 0% used [0x00000000ef100000,0x00000000ef100000,0x00000000ef600000)
 ParOldGen       total 87552K, used 1363K [0x00000000c0000000, 0x00000000c5580000, 0x00000000eab00000)
  object space 87552K, 1% used [0x00000000c0000000,0x00000000c0154e48,0x00000000c5580000)
 Metaspace       used 6003K, capacity 6960K, committed 7040K, reserved 1056768K
  class space    used 590K, capacity 616K, committed 640K, reserved 1048576K
}
Event: 7.027 GC heap before
{Heap before GC invocations=2 (full 0):
 PSYoungGen      total 38400K, used 38372K [0x00000000eab00000, 0x00000000ef600000, 0x0000000100000000)
  eden space 33280K, 100% used [0x00000000eab00000,0x00000000ecb80000,0x00000000ecb80000)
  from space 5120K, 99% used [0x00000000ecb80000,0x00000000ed079268,0x00000000ed080000)
  to   space 5120K, 0% used [0x00000000ef100000,0x00000000ef100000,0x00000000ef600000)
 ParOldGen       total 87552K, used 1363K [0x00000000c0000000, 0x00000000c5580000, 0x00000000eab00000)
  object space 87552K, 1% used [0x00000000c0000000,0x00000000c0154e48,0x00000000c5580000)
 Metaspace       used 6137K, capacity 7088K, committed 7296K, reserved 1056768K
  class space    used 593K, capacity 616K, committed 640K, reserved 1048576K
Event: 7.288 GC heap after
Heap after GC invocations=2 (full 0):
 PSYoungGen      total 71680K, used 5114K [0x00000000eab00000, 0x00000000ef600000, 0x0000000100000000)
  eden space 66560K, 0% used [0x00000000eab00000,0x00000000eab00000,0x00000000eec00000)
  from space 5120K, 99% used [0x00000000ef100000,0x00000000ef5fea90,0x00000000ef600000)
  to   space 5120K, 0% used [0x00000000eec00000,0x00000000eec00000,0x00000000ef100000)
 ParOldGen       total 87552K, used 6229K [0x00000000c0000000, 0x00000000c5580000, 0x00000000eab00000)
  object space 87552K, 7% used [0x00000000c0000000,0x00000000c0615510,0x00000000c5580000)
 Metaspace       used 6137K, capacity 7088K, committed 7296K, reserved 1056768K
  class space    used 593K, capacity 616K, committed 640K, reserved 1048576K
}

Deoptimization events (10 events):
Event: 5.589 Thread 0x00000000165fb800 Uncommon trap: reason=class_check action=maybe_recompile pc=0x00000000026c690c method=com.android.dx.ssa.NormalSsaInsn.accept(Lcom/android/dx/ssa/SsaInsn$Visitor;)V @ 9
Event: 5.589 Thread 0x00000000165fb800 Uncommon trap: reason=class_check action=maybe_recompile pc=0x00000000026c690c method=com.android.dx.ssa.NormalSsaInsn.accept(Lcom/android/dx/ssa/SsaInsn$Visitor;)V @ 9
Event: 5.590 Thread 0x00000000165fb800 Uncommon trap: reason=class_check action=maybe_recompile pc=0x00000000025d9d54 method=com.android.dx.ssa.NormalSsaInsn.accept(Lcom/android/dx/ssa/SsaInsn$Visitor;)V @ 9
Event: 5.590 Thread 0x00000000165fb800 Uncommon trap: reason=class_check action=maybe_recompile pc=0x000000000259fa70 method=com.android.dx.ssa.NormalSsaInsn.accept(Lcom/android/dx/ssa/SsaInsn$Visitor;)V @ 9
Event: 5.873 Thread 0x0000000016686800 Uncommon trap: reason=null_check action=make_not_entrant pc=0x00000000027d9044 method=com.android.dx.ssa.SsaRenamer.getLocalForNewReg(I)Lcom/android/dx/rop/code/LocalItem; @ 19
Event: 6.369 Thread 0x0000000016682800 Uncommon trap: reason=bimorphic action=maybe_recompile pc=0x000000000272e6c0 method=java.util.HashMap.putVal(ILjava/lang/Object;Ljava/lang/Object;ZZ)Ljava/lang/Object; @ 91
Event: 6.800 Thread 0x0000000016685800 Uncommon trap: reason=unreached action=reinterpret pc=0x00000000026b3a9c method=com.android.dx.ssa.SsaMethod.updateOneDefinition(Lcom/android/dx/ssa/SsaInsn;Lcom/android/dx/rop/code/RegisterSpec;)V @ 4
Event: 6.801 Thread 0x0000000016685800 Uncommon trap: reason=unreached action=reinterpret pc=0x00000000027c15f8 method=com.android.dx.rop.code.LocalItem.compareHandlesNulls(Lcom/android/dx/rop/cst/CstString;Lcom/android/dx/rop/cst/CstString;)I @ 14
Event: 6.879 Thread 0x0000000016682800 Uncommon trap: reason=unreached action=reinterpret pc=0x00000000026397dc method=com.android.dx.rop.cst.Constant.compareTo(Lcom/android/dx/rop/cst/Constant;)I @ 12
Event: 6.900 Thread 0x0000000016685800 Uncommon trap: reason=null_check action=make_not_entrant pc=0x00000000027e9464 method=com.android.dx.ssa.SsaRenamer.getLocalForNewReg(I)Lcom/android/dx/rop/code/LocalItem; @ 19

Internal exceptions (10 events):
Event: 2.340 Thread 0x0000000016682800 Exception <a 'java/security/PrivilegedActionException'> (0x00000000eb66a550) thrown at [D:\re\workspace\8-2-build-windows-amd64-cygwin\jdk8u25\1677\hotspot\src\share\vm\prims\jvm.cpp, line 1312]
Event: 2.478 Thread 0x0000000016686800 Exception <a 'java/security/PrivilegedActionException'> (0x00000000eb7f5128) thrown at [D:\re\workspace\8-2-build-windows-amd64-cygwin\jdk8u25\1677\hotspot\src\share\vm\prims\jvm.cpp, line 1312]
Event: 3.022 Thread 0x0000000016686800 Exception <a 'java/security/PrivilegedActionException'> (0x00000000ebaa8348) thrown at [D:\re\workspace\8-2-build-windows-amd64-cygwin\jdk8u25\1677\hotspot\src\share\vm\prims\jvm.cpp, line 1312]
Event: 3.493 Thread 0x0000000002080800 Exception <a 'java/security/PrivilegedActionException'> (0x00000000ec27d6c8) thrown at [D:\re\workspace\8-2-build-windows-amd64-cygwin\jdk8u25\1677\hotspot\src\share\vm\prims\jvm.cpp, line 1312]
Event: 3.496 Thread 0x0000000002080800 Exception <a 'java/security/PrivilegedActionException'> (0x00000000ec289368) thrown at [D:\re\workspace\8-2-build-windows-amd64-cygwin\jdk8u25\1677\hotspot\src\share\vm\prims\jvm.cpp, line 1312]
Event: 5.873 Thread 0x0000000016686800 Implicit null exception at 0x00000000027d78c6 to 0x00000000027d901d
Event: 6.799 Thread 0x0000000016685800 Exception <a 'java/security/PrivilegedActionException'> (0x00000000ec341c30) thrown at [D:\re\workspace\8-2-build-windows-amd64-cygwin\jdk8u25\1677\hotspot\src\share\vm\prims\jvm.cpp, line 1312]
Event: 6.801 Thread 0x0000000016685800 Implicit null exception at 0x00000000027c01dd to 0x00000000027c15d5
Event: 6.900 Thread 0x0000000016685800 Implicit null exception at 0x00000000027e7c0a to 0x00000000027e943d
Event: 7.312 Thread 0x0000000002080800 Exception <a 'java/security/PrivilegedActionException'> (0x00000000eae61ef0) thrown at [D:\re\workspace\8-2-build-windows-amd64-cygwin\jdk8u25\1677\hotspot\src\share\vm\prims\jvm.cpp, line 1312]

Events (10 events):
Event: 6.879 Thread 0x0000000016682800 DEOPT UNPACKING pc=0x00000000022c556a sp=0x0000000016aae4e0 mode 2
Event: 6.900 Thread 0x0000000016685800 Uncommon trap: trap_request=0xfffffff4 fr.pc=0x00000000027e9464
Event: 6.900 Thread 0x0000000016685800 DEOPT PACKING pc=0x00000000027e9464 sp=0x0000000016bae520
Event: 6.900 Thread 0x0000000016685800 DEOPT UNPACKING pc=0x00000000022c556a sp=0x0000000016bae378 mode 2
Event: 6.901 Executing VM operation: ParallelGCFailedAllocation
Event: 7.288 Executing VM operation: ParallelGCFailedAllocation done
Event: 7.312 loading class com/android/dx/cf/attrib/AttDeprecated
Event: 7.312 loading class com/android/dx/cf/attrib/AttDeprecated done
Event: 7.357 Thread 0x0000000016682800 DEOPT PACKING pc=0x00000000025a523c sp=0x0000000016aae880
Event: 7.357 Thread 0x0000000016682800 DEOPT UNPACKING pc=0x00000000022c75bf sp=0x0000000016aae648 mode 0


Dynamic libraries:
0x00007ff7150d0000 - 0x00007ff715104000 	C:\Program Files\Java\jdk1.8.0_25\bin\java.exe
0x00007ffd3d050000 - 0x00007ffd3d1fd000 	C:\Windows\SYSTEM32\ntdll.dll
0x00007ffd3aae0000 - 0x00007ffd3ac1e000 	C:\Windows\system32\KERNEL32.DLL
0x00007ffd3a500000 - 0x00007ffd3a615000 	C:\Windows\system32\KERNELBASE.dll
0x00007ffd38d40000 - 0x00007ffd38dce000 	C:\Windows\system32\apphelp.dll
0x00007ffd2f1d0000 - 0x00007ffd2f223000 	C:\Windows\AppPatch\AppPatch64\AcGenral.DLL
0x00007ffd3cad0000 - 0x00007ffd3cb7a000 	C:\Windows\system32\msvcrt.dll
0x00007ffd3a030000 - 0x00007ffd3a05e000 	C:\Windows\SYSTEM32\SspiCli.dll
0x00007ffd3c730000 - 0x00007ffd3c784000 	C:\Windows\system32\SHLWAPI.dll
0x00007ffd3ced0000 - 0x00007ffd3d047000 	C:\Windows\system32\USER32.dll
0x00007ffd3cb80000 - 0x00007ffd3cd14000 	C:\Windows\system32\ole32.dll
0x00007ffd3b200000 - 0x00007ffd3c72a000 	C:\Windows\system32\SHELL32.dll
0x00007ffd397c0000 - 0x00007ffd397e1000 	C:\Windows\SYSTEM32\USERENV.dll
0x00007ffd3ade0000 - 0x00007ffd3ae8a000 	C:\Windows\system32\ADVAPI32.dll
0x00007ffd32520000 - 0x00007ffd3253e000 	C:\Windows\SYSTEM32\MPR.dll
0x00007ffd3a990000 - 0x00007ffd3aad1000 	C:\Windows\system32\RPCRT4.dll
0x00007ffd3ad80000 - 0x00007ffd3add9000 	C:\Windows\SYSTEM32\sechost.dll
0x00007ffd3c8b0000 - 0x00007ffd3cac1000 	C:\Windows\SYSTEM32\combase.dll
0x00007ffd3ac20000 - 0x00007ffd3ad70000 	C:\Windows\system32\GDI32.dll
0x00007ffd3a1a0000 - 0x00007ffd3a1b5000 	C:\Windows\SYSTEM32\profapi.dll
0x00007ffd386f0000 - 0x00007ffd387a2000 	C:\Windows\SYSTEM32\SHCORE.dll
0x00007ffd3a750000 - 0x00007ffd3a786000 	C:\Windows\system32\IMM32.DLL
0x00007ffd3b0a0000 - 0x00007ffd3b1f2000 	C:\Windows\system32\MSCTF.dll
0x00007ffd35d10000 - 0x00007ffd35f8b000 	C:\Windows\WinSxS\amd64_microsoft.windows.common-controls_6595b64144ccf1df_6.0.9600.18006_none_623f33d3ecbe86e8\COMCTL32.dll
0x0000000056ce0000 - 0x0000000056db2000 	C:\Program Files\Java\jdk1.8.0_25\jre\bin\msvcr100.dll
0x0000000057160000 - 0x00000000579ba000 	C:\Program Files\Java\jdk1.8.0_25\jre\bin\server\jvm.dll
0x00007ffd32cb0000 - 0x00007ffd32cb9000 	C:\Windows\SYSTEM32\WSOCK32.dll
0x00007ffd30b10000 - 0x00007ffd30b32000 	C:\Windows\SYSTEM32\WINMM.dll
0x00007ffd3a730000 - 0x00007ffd3a737000 	C:\Windows\system32\PSAPI.DLL
0x00007ffd3a6d0000 - 0x00007ffd3a72a000 	C:\Windows\system32\WS2_32.dll
0x00007ffd30700000 - 0x00007ffd3072a000 	C:\Windows\SYSTEM32\WINMMBASE.dll
0x00007ffd3ad70000 - 0x00007ffd3ad79000 	C:\Windows\system32\NSI.dll
0x00007ffd3a270000 - 0x00007ffd3a2bf000 	C:\Windows\SYSTEM32\cfgmgr32.dll
0x00007ffd38f90000 - 0x00007ffd38fb8000 	C:\Windows\SYSTEM32\DEVOBJ.dll
0x0000000057150000 - 0x000000005715f000 	C:\Program Files\Java\jdk1.8.0_25\jre\bin\verify.dll
0x0000000057120000 - 0x0000000057148000 	C:\Program Files\Java\jdk1.8.0_25\jre\bin\java.dll
0x0000000057100000 - 0x0000000057116000 	C:\Program Files\Java\jdk1.8.0_25\jre\bin\zip.dll
0x00007ffd286b0000 - 0x00007ffd28839000 	C:\Windows\SYSTEM32\dbghelp.dll

VM Arguments:
jvm_args: -Djava.awt.headless=true -Xmx1024M -Dfile.encoding=windows-1252 -Duser.country=US -Duser.language=en -Duser.variant 
java_command: com.android.dx.command.Main --dex --force-jumbo --num-threads=4 --multi-dex --output D:\work\RefugeeCare\app\build\intermediates\transforms\dex\debug\folders\1000\10\com.android.support-support-media-compat-24.2.1_640ae7609dde6c708eedb677352e4bc9d9773b81 D:\work\RefugeeCare\app\build\intermediates\exploded-aar\com.android.support\support-media-compat\24.2.1\jars\classes.jar
java_class_path (initial): D:\work\Programs\Programs\Android\AndroidStudio\sdk\build-tools\24.0.0\lib\dx.jar
Launcher Type: SUN_STANDARD

Environment Variables:
PATH=C:\Program Files\Java\jdk1.6.0_16\bin;C:\Program Files (x86)\nodejs\;C:\Users\Ahmed Khattab\AppData\Local\Programs\Python\Python35-32\Scripts\;C:\Users\Ahmed Khattab\AppData\Local\Programs\Python\Python35-32\;C:\Users\Ahmed Khattab\AppData\Roaming\npm;C:\Program Files\Java\jdk1.8.0_25\jre\bin;C:\Program Files (x86)\Java\jre1.8.0_45\bin;C:\Program Files\Java\jdk1.8.0_25\bin;D:\work\Collage\4th year\kbs\Jess71p2\bin
USERNAME=Ahmed Khattab 2
OS=Windows_NT
PROCESSOR_IDENTIFIER=Intel64 Family 6 Model 69 Stepping 1, GenuineIntel



---------------  S Y S T E M  ---------------

OS: Windows 8.1 , 64 bit Build 9600 

CPU:total 4 (2 cores per cpu, 2 threads per core) family 6 model 69 stepping 1, cmov, cx8, fxsr, mmx, sse, sse2, sse3, ssse3, sse4.1, sse4.2, popcnt, avx, avx2, aes, clmul, erms, lzcnt, ht, tsc, tscinvbit, bmi1, bmi2

Memory: 4k page, physical 8274284k(1059648k free), swap 11028860k(186736k free)

vm_info: Java HotSpot(TM) 64-Bit Server VM (25.25-b02) for windows-amd64 JRE (1.8.0_25-b18), built on Oct  7 2014 14:25:37 by "java_re" with MS VC++ 10.0 (VS2010)

time: Wed Oct 26 10:42:13 2016
elapsed time: 13 seconds (0d 0h 0m 13s)

